<?xml version="1.0" encoding="UTF-8"?>
<testsuite xmlns:xsi="http://www.w3.org/2001/XMLSchema-instance" xsi:schemaLocation="https://maven.apache.org/surefire/maven-surefire-plugin/xsd/surefire-test-report.xsd" name="QatarLoginPageTest" time="157.817" tests="1" errors="1" skipped="0" failures="0">
  <properties>
[...]
</properties>
  <testcase name="signIn" classname="QatarLoginPageTest" time="157.816">
    <error message="An element could not be located on the page using the given search parameters. (WARNING: The server did not provide any stacktrace information)&#10;Command duration or timeout: 51.16 seconds&#10;For documentation on this error, please visit: http://seleniumhq.org/exceptions/no_such_element.html&#10;Build info: version: &apos;3.4.0&apos;, revision: &apos;unknown&apos;, time: &apos;unknown&apos;&#10;System info: host: &apos;Tereshchenkos-MacBook-Pro.local&apos;, ip: &apos;fe80:0:0:0:1cfe:1b1a:f5d8:a498%en0&apos;, os.name: &apos;Mac OS X&apos;, os.arch: &apos;x86_64&apos;, os.version: &apos;10.12.6&apos;, java.version: &apos;9.0.4&apos;&#10;Driver info: io.appium.java_client.ios.IOSDriver&#10;Capabilities [{app=/Users/tereshchenkoviktoriia/Library/Developer/Xcode/DerivedData/WesternUnion-hcvdbaublvobsqcpsiatjuynodvq/Build/Products/Debug-iphonesimulator/WesternUnion_PI.app, networkConnectionEnabled=false, databaseEnabled=false, deviceName=iphone 6, platform=MAC, showXcodeLog=true, platformVersion=11.0, webStorageEnabled=false, locationContextEnabled=false, browserName=, takesScreenshot=true, javascriptEnabled=true, platformName=iOS, udid=C8CC2FE5-4D18-4AD1-AA8B-646CB1CAC171, autoAcceptAlerts=true}]&#10;Session ID: 1af73633-d3b2-456e-a9f2-90af01b63324&#10;*** Element info: {Using=xpath, value=//XCUIElementTypeStaticText[@name=&quot;You&apos;ve securely logged in&quot;]}" type="org.openqa.selenium.NoSuchElementException">org.openqa.selenium.NoSuchElementException: 
An element could not be located on the page using the given search parameters. (WARNING: The server did not provide any stacktrace information)
Command duration or timeout: 51.16 seconds
For documentation on this error, please visit: http://seleniumhq.org/exceptions/no_such_element.html
Build info: version: '3.4.0', revision: 'unknown', time: 'unknown'
System info: host: 'Tereshchenkos-MacBook-Pro.local', ip: 'fe80:0:0:0:1cfe:1b1a:f5d8:a498%en0', os.name: 'Mac OS X', os.arch: 'x86_64', os.version: '10.12.6', java.version: '9.0.4'
Driver info: io.appium.java_client.ios.IOSDriver
Capabilities [{app=/Users/tereshchenkoviktoriia/Library/Developer/Xcode/DerivedData/WesternUnion-hcvdbaublvobsqcpsiatjuynodvq/Build/Products/Debug-iphonesimulator/WesternUnion_PI.app, networkConnectionEnabled=false, databaseEnabled=false, deviceName=iphone 6, platform=MAC, showXcodeLog=true, platformVersion=11.0, webStorageEnabled=false, locationContextEnabled=false, browserName=, takesScreenshot=true, javascriptEnabled=true, platformName=iOS, udid=C8CC2FE5-4D18-4AD1-AA8B-646CB1CAC171, autoAcceptAlerts=true}]
Session ID: 1af73633-d3b2-456e-a9f2-90af01b63324
*** Element info: {Using=xpath, value=//XCUIElementTypeStaticText[@name="You've securely logged in"]}
	at QatarLoginPageTest.signIn(QatarLoginPageTest.java:73)
</error>
    <system-out><![CDATA[Step 1.Create new driver
13:14:38.243 [Forwarding newSession on session null to remote] DEBUG o.a.h.c.protocol.RequestAddCookies - CookieSpec selected: default
13:14:38.243 [Forwarding newSession on session null to remote] DEBUG o.a.h.c.protocol.RequestAuthCache - Auth cache not set in the context
13:14:38.243 [Forwarding newSession on session null to remote] DEBUG o.a.h.i.c.PoolingHttpClientConnectionManager - Connection request: [route: {}->http://127.0.0.1:4723][total kept alive: 0; route allocated: 0 of 2000; total allocated: 0 of 2000]
13:14:38.244 [Forwarding newSession on session null to remote] DEBUG o.a.h.i.c.PoolingHttpClientConnectionManager - Connection leased: [id: 1][route: {}->http://127.0.0.1:4723][total kept alive: 0; route allocated: 1 of 2000; total allocated: 1 of 2000]
13:14:38.244 [Forwarding newSession on session null to remote] DEBUG o.a.h.impl.execchain.MainClientExec - Opening connection {}->http://127.0.0.1:4723
13:14:38.244 [Forwarding newSession on session null to remote] DEBUG o.a.h.i.c.DefaultHttpClientConnectionOperator - Connecting to /127.0.0.1:4723
13:14:38.245 [Forwarding newSession on session null to remote] DEBUG o.a.h.i.c.DefaultHttpClientConnectionOperator - Connection established 127.0.0.1:65396<->127.0.0.1:4723
13:14:38.245 [Forwarding newSession on session null to remote] DEBUG o.a.h.i.c.DefaultManagedHttpClientConnection - http-outgoing-1: set socket timeout to 10800000
13:14:38.245 [Forwarding newSession on session null to remote] DEBUG o.a.h.impl.execchain.MainClientExec - Executing request POST /wd/hub/session HTTP/1.1
13:14:38.245 [Forwarding newSession on session null to remote] DEBUG o.a.h.impl.execchain.MainClientExec - Target auth state: UNCHALLENGED
13:14:38.245 [Forwarding newSession on session null to remote] DEBUG o.a.h.impl.execchain.MainClientExec - Proxy auth state: UNCHALLENGED
13:14:38.245 [Forwarding newSession on session null to remote] DEBUG org.apache.http.headers - http-outgoing-1 >> POST /wd/hub/session HTTP/1.1
13:14:38.245 [Forwarding newSession on session null to remote] DEBUG org.apache.http.headers - http-outgoing-1 >> Content-Type: application/json; charset=utf-8
13:14:38.245 [Forwarding newSession on session null to remote] DEBUG org.apache.http.headers - http-outgoing-1 >> Content-Length: 1002
13:14:38.245 [Forwarding newSession on session null to remote] DEBUG org.apache.http.headers - http-outgoing-1 >> Host: 127.0.0.1:4723
13:14:38.245 [Forwarding newSession on session null to remote] DEBUG org.apache.http.headers - http-outgoing-1 >> Connection: Keep-Alive
13:14:38.245 [Forwarding newSession on session null to remote] DEBUG org.apache.http.headers - http-outgoing-1 >> User-Agent: Apache-HttpClient/4.5.3 (Java/9.0.4)
13:14:38.245 [Forwarding newSession on session null to remote] DEBUG org.apache.http.headers - http-outgoing-1 >> Accept-Encoding: gzip,deflate
13:14:38.245 [Forwarding newSession on session null to remote] DEBUG org.apache.http.wire - http-outgoing-1 >> "POST /wd/hub/session HTTP/1.1[\r][\n]"
13:14:38.245 [Forwarding newSession on session null to remote] DEBUG org.apache.http.wire - http-outgoing-1 >> "Content-Type: application/json; charset=utf-8[\r][\n]"
13:14:38.245 [Forwarding newSession on session null to remote] DEBUG org.apache.http.wire - http-outgoing-1 >> "Content-Length: 1002[\r][\n]"
13:14:38.245 [Forwarding newSession on session null to remote] DEBUG org.apache.http.wire - http-outgoing-1 >> "Host: 127.0.0.1:4723[\r][\n]"
13:14:38.245 [Forwarding newSession on session null to remote] DEBUG org.apache.http.wire - http-outgoing-1 >> "Connection: Keep-Alive[\r][\n]"
13:14:38.245 [Forwarding newSession on session null to remote] DEBUG org.apache.http.wire - http-outgoing-1 >> "User-Agent: Apache-HttpClient/4.5.3 (Java/9.0.4)[\r][\n]"
13:14:38.246 [Forwarding newSession on session null to remote] DEBUG org.apache.http.wire - http-outgoing-1 >> "Accept-Encoding: gzip,deflate[\r][\n]"
13:14:38.246 [Forwarding newSession on session null to remote] DEBUG org.apache.http.wire - http-outgoing-1 >> "[\r][\n]"
13:14:38.246 [Forwarding newSession on session null to remote] DEBUG org.apache.http.wire - http-outgoing-1 >> "{[\n]"
13:14:38.246 [Forwarding newSession on session null to remote] DEBUG org.apache.http.wire - http-outgoing-1 >> "  "desiredCapabilities": {[\n]"
13:14:38.246 [Forwarding newSession on session null to remote] DEBUG org.apache.http.wire - http-outgoing-1 >> "    "app": "/Users/tereshchenkoviktoriia/Library/Developer/Xcode/DerivedData/WesternUnion-hcvdbaublvobsqcpsiatjuynodvq/Build/Products/Debug-iphonesimulator/WesternUnion_PI.app",[\n]"
13:14:38.246 [Forwarding newSession on session null to remote] DEBUG org.apache.http.wire - http-outgoing-1 >> "    "showXcodeLog": "true",[\n]"
13:14:38.246 [Forwarding newSession on session null to remote] DEBUG org.apache.http.wire - http-outgoing-1 >> "    "platformVersion": "11.0",[\n]"
13:14:38.246 [Forwarding newSession on session null to remote] DEBUG org.apache.http.wire - http-outgoing-1 >> "    "platformName": "iOS",[\n]"
13:14:38.246 [Forwarding newSession on session null to remote] DEBUG org.apache.http.wire - http-outgoing-1 >> "    "udid": "C8CC2FE5-4D18-4AD1-AA8B-646CB1CAC171",[\n]"
13:14:38.246 [Forwarding newSession on session null to remote] DEBUG org.apache.http.wire - http-outgoing-1 >> "    "deviceName": "iphone 6",[\n]"
13:14:38.246 [Forwarding newSession on session null to remote] DEBUG org.apache.http.wire - http-outgoing-1 >> "    "autoAcceptAlerts": "true"[\n]"
13:14:38.246 [Forwarding newSession on session null to remote] DEBUG org.apache.http.wire - http-outgoing-1 >> "  },[\n]"
13:14:38.246 [Forwarding newSession on session null to remote] DEBUG org.apache.http.wire - http-outgoing-1 >> "  "requiredCapabilities": {},[\n]"
13:14:38.246 [Forwarding newSession on session null to remote] DEBUG org.apache.http.wire - http-outgoing-1 >> "  "capabilities": {[\n]"
13:14:38.246 [Forwarding newSession on session null to remote] DEBUG org.apache.http.wire - http-outgoing-1 >> "    "desiredCapabilities": {[\n]"
13:14:38.246 [Forwarding newSession on session null to remote] DEBUG org.apache.http.wire - http-outgoing-1 >> "      "app": "/Users/tereshchenkoviktoriia/Library/Developer/Xcode/DerivedData/WesternUnion-hcvdbaublvobsqcpsiatjuynodvq/Build/Products/Debug-iphonesimulator/WesternUnion_PI.app",[\n]"
13:14:38.246 [Forwarding newSession on session null to remote] DEBUG org.apache.http.wire - http-outgoing-1 >> "      "showXcodeLog": "true",[\n]"
13:14:38.246 [Forwarding newSession on session null to remote] DEBUG org.apache.http.wire - http-outgoing-1 >> "      "platformVersion": "11.0",[\n]"
13:14:38.246 [Forwarding newSession on session null to remote] DEBUG org.apache.http.wire - http-outgoing-1 >> "      "platformName": "iOS",[\n]"
13:14:38.246 [Forwarding newSession on session null to remote] DEBUG org.apache.http.wire - http-outgoing-1 >> "      "udid": "C8CC2FE5-4D18-4AD1-AA8B-646CB1CAC171",[\n]"
13:14:38.246 [Forwarding newSession on session null to remote] DEBUG org.apache.http.wire - http-outgoing-1 >> "      "deviceName": "iphone 6",[\n]"
13:14:38.246 [Forwarding newSession on session null to remote] DEBUG org.apache.http.wire - http-outgoing-1 >> "      "autoAcceptAlerts": "true"[\n]"
13:14:38.246 [Forwarding newSession on session null to remote] DEBUG org.apache.http.wire - http-outgoing-1 >> "    },[\n]"
13:14:38.246 [Forwarding newSession on session null to remote] DEBUG org.apache.http.wire - http-outgoing-1 >> "    "requiredCapabilities": {},[\n]"
13:14:38.247 [Forwarding newSession on session null to remote] DEBUG org.apache.http.wire - http-outgoing-1 >> "    "alwaysMatch": {[\n]"
13:14:38.247 [Forwarding newSession on session null to remote] DEBUG org.apache.http.wire - http-outgoing-1 >> "      "platformName": "iOS"[\n]"
13:14:38.247 [Forwarding newSession on session null to remote] DEBUG org.apache.http.wire - http-outgoing-1 >> "    },[\n]"
13:14:38.247 [Forwarding newSession on session null to remote] DEBUG org.apache.http.wire - http-outgoing-1 >> "    "firstMatch": [][\n]"
13:14:38.247 [Forwarding newSession on session null to remote] DEBUG org.apache.http.wire - http-outgoing-1 >> "  }[\n]"
13:14:38.247 [Forwarding newSession on session null to remote] DEBUG org.apache.http.wire - http-outgoing-1 >> "}"
13:14:50.858 [Forwarding newSession on session null to remote] DEBUG org.apache.http.wire - http-outgoing-1 << "HTTP/1.1 200 OK[\r][\n]"
13:14:50.859 [Forwarding newSession on session null to remote] DEBUG org.apache.http.wire - http-outgoing-1 << "X-Powered-By: Express[\r][\n]"
13:14:50.859 [Forwarding newSession on session null to remote] DEBUG org.apache.http.wire - http-outgoing-1 << "Access-Control-Allow-Origin: *[\r][\n]"
13:14:50.859 [Forwarding newSession on session null to remote] DEBUG org.apache.http.wire - http-outgoing-1 << "Access-Control-Allow-Methods: GET,POST,PUT,OPTIONS,DELETE[\r][\n]"
13:14:50.859 [Forwarding newSession on session null to remote] DEBUG org.apache.http.wire - http-outgoing-1 << "Access-Control-Allow-Headers: origin, content-type, accept[\r][\n]"
13:14:50.859 [Forwarding newSession on session null to remote] DEBUG org.apache.http.wire - http-outgoing-1 << "Vary: X-HTTP-Method-Override[\r][\n]"
13:14:50.859 [Forwarding newSession on session null to remote] DEBUG org.apache.http.wire - http-outgoing-1 << "Content-Type: application/json; charset=utf-8[\r][\n]"
13:14:50.859 [Forwarding newSession on session null to remote] DEBUG org.apache.http.wire - http-outgoing-1 << "Content-Length: 601[\r][\n]"
13:14:50.859 [Forwarding newSession on session null to remote] DEBUG org.apache.http.wire - http-outgoing-1 << "ETag: W/"259-y6lMJE4NSSfVK8vX+Jb1Eovmj4c"[\r][\n]"
13:14:50.859 [Forwarding newSession on session null to remote] DEBUG org.apache.http.wire - http-outgoing-1 << "Date: Tue, 27 Feb 2018 11:14:50 GMT[\r][\n]"
13:14:50.860 [Forwarding newSession on session null to remote] DEBUG org.apache.http.wire - http-outgoing-1 << "Connection: keep-alive[\r][\n]"
13:14:50.860 [Forwarding newSession on session null to remote] DEBUG org.apache.http.wire - http-outgoing-1 << "[\r][\n]"
13:14:50.860 [Forwarding newSession on session null to remote] DEBUG org.apache.http.wire - http-outgoing-1 << "{"status":0,"value":{"webStorageEnabled":false,"locationContextEnabled":false,"browserName":"","platform":"MAC","javascriptEnabled":true,"databaseEnabled":false,"takesScreenshot":true,"networkConnectionEnabled":false,"app":"/Users/tereshchenkoviktoriia/Library/Developer/Xcode/DerivedData/WesternUnion-hcvdbaublvobsqcpsiatjuynodvq/Build/Products/Debug-iphonesimulator/WesternUnion_PI.app","showXcodeLog":true,"platformVersion":"11.0","platformName":"iOS","udid":"C8CC2FE5-4D18-4AD1-AA8B-646CB1CAC171","deviceName":"iphone 6","autoAcceptAlerts":true},"sessionId":"1af73633-d3b2-456e-a9f2-90af01b63324"}"
13:14:50.861 [Forwarding newSession on session null to remote] DEBUG org.apache.http.headers - http-outgoing-1 << HTTP/1.1 200 OK
13:14:50.861 [Forwarding newSession on session null to remote] DEBUG org.apache.http.headers - http-outgoing-1 << X-Powered-By: Express
13:14:50.861 [Forwarding newSession on session null to remote] DEBUG org.apache.http.headers - http-outgoing-1 << Access-Control-Allow-Origin: *
13:14:50.861 [Forwarding newSession on session null to remote] DEBUG org.apache.http.headers - http-outgoing-1 << Access-Control-Allow-Methods: GET,POST,PUT,OPTIONS,DELETE
13:14:50.861 [Forwarding newSession on session null to remote] DEBUG org.apache.http.headers - http-outgoing-1 << Access-Control-Allow-Headers: origin, content-type, accept
13:14:50.861 [Forwarding newSession on session null to remote] DEBUG org.apache.http.headers - http-outgoing-1 << Vary: X-HTTP-Method-Override
13:14:50.861 [Forwarding newSession on session null to remote] DEBUG org.apache.http.headers - http-outgoing-1 << Content-Type: application/json; charset=utf-8
13:14:50.861 [Forwarding newSession on session null to remote] DEBUG org.apache.http.headers - http-outgoing-1 << Content-Length: 601
13:14:50.861 [Forwarding newSession on session null to remote] DEBUG org.apache.http.headers - http-outgoing-1 << ETag: W/"259-y6lMJE4NSSfVK8vX+Jb1Eovmj4c"
13:14:50.861 [Forwarding newSession on session null to remote] DEBUG org.apache.http.headers - http-outgoing-1 << Date: Tue, 27 Feb 2018 11:14:50 GMT
13:14:50.861 [Forwarding newSession on session null to remote] DEBUG org.apache.http.headers - http-outgoing-1 << Connection: keep-alive
13:14:50.862 [Forwarding newSession on session null to remote] DEBUG o.a.h.impl.execchain.MainClientExec - Connection can be kept alive indefinitely
13:14:50.862 [Forwarding newSession on session null to remote] DEBUG o.a.h.i.c.PoolingHttpClientConnectionManager - Connection [id: 1][route: {}->http://127.0.0.1:4723] can be kept alive indefinitely
13:14:50.863 [Forwarding newSession on session null to remote] DEBUG o.a.h.i.c.PoolingHttpClientConnectionManager - Connection released: [id: 1][route: {}->http://127.0.0.1:4723][total kept alive: 1; route allocated: 1 of 2000; total allocated: 1 of 2000]
13:14:50.875 [Forwarding setTimeout on session 1af73633-d3b2-456e-a9f2-90af01b63324 to remote] DEBUG o.a.h.c.protocol.RequestAddCookies - CookieSpec selected: default
13:14:50.875 [Forwarding setTimeout on session 1af73633-d3b2-456e-a9f2-90af01b63324 to remote] DEBUG o.a.h.c.protocol.RequestAuthCache - Auth cache not set in the context
13:14:50.875 [Forwarding setTimeout on session 1af73633-d3b2-456e-a9f2-90af01b63324 to remote] DEBUG o.a.h.i.c.PoolingHttpClientConnectionManager - Connection request: [route: {}->http://127.0.0.1:4723][total kept alive: 1; route allocated: 1 of 2000; total allocated: 1 of 2000]
13:14:50.875 [Forwarding setTimeout on session 1af73633-d3b2-456e-a9f2-90af01b63324 to remote] DEBUG o.a.h.i.c.PoolingHttpClientConnectionManager - Connection leased: [id: 1][route: {}->http://127.0.0.1:4723][total kept alive: 0; route allocated: 1 of 2000; total allocated: 1 of 2000]
13:14:50.875 [Forwarding setTimeout on session 1af73633-d3b2-456e-a9f2-90af01b63324 to remote] DEBUG o.a.h.impl.execchain.MainClientExec - Stale connection check
13:14:50.877 [Forwarding setTimeout on session 1af73633-d3b2-456e-a9f2-90af01b63324 to remote] DEBUG org.apache.http.wire - http-outgoing-1 << "[read] I/O error: Read timed out"
13:14:50.877 [Forwarding setTimeout on session 1af73633-d3b2-456e-a9f2-90af01b63324 to remote] DEBUG o.a.h.i.c.DefaultManagedHttpClientConnection - http-outgoing-1: set socket timeout to 10800000
13:14:50.877 [Forwarding setTimeout on session 1af73633-d3b2-456e-a9f2-90af01b63324 to remote] DEBUG o.a.h.impl.execchain.MainClientExec - Executing request POST /wd/hub/session/1af73633-d3b2-456e-a9f2-90af01b63324/timeouts HTTP/1.1
13:14:50.877 [Forwarding setTimeout on session 1af73633-d3b2-456e-a9f2-90af01b63324 to remote] DEBUG o.a.h.impl.execchain.MainClientExec - Target auth state: UNCHALLENGED
13:14:50.877 [Forwarding setTimeout on session 1af73633-d3b2-456e-a9f2-90af01b63324 to remote] DEBUG o.a.h.impl.execchain.MainClientExec - Proxy auth state: UNCHALLENGED
13:14:50.878 [Forwarding setTimeout on session 1af73633-d3b2-456e-a9f2-90af01b63324 to remote] DEBUG org.apache.http.headers - http-outgoing-1 >> POST /wd/hub/session/1af73633-d3b2-456e-a9f2-90af01b63324/timeouts HTTP/1.1
13:14:50.878 [Forwarding setTimeout on session 1af73633-d3b2-456e-a9f2-90af01b63324 to remote] DEBUG org.apache.http.headers - http-outgoing-1 >> Content-Type: application/json; charset=utf-8
13:14:50.878 [Forwarding setTimeout on session 1af73633-d3b2-456e-a9f2-90af01b63324 to remote] DEBUG org.apache.http.headers - http-outgoing-1 >> Content-Length: 30
13:14:50.878 [Forwarding setTimeout on session 1af73633-d3b2-456e-a9f2-90af01b63324 to remote] DEBUG org.apache.http.headers - http-outgoing-1 >> Host: 127.0.0.1:4723
13:14:50.878 [Forwarding setTimeout on session 1af73633-d3b2-456e-a9f2-90af01b63324 to remote] DEBUG org.apache.http.headers - http-outgoing-1 >> Connection: Keep-Alive
13:14:50.878 [Forwarding setTimeout on session 1af73633-d3b2-456e-a9f2-90af01b63324 to remote] DEBUG org.apache.http.headers - http-outgoing-1 >> User-Agent: Apache-HttpClient/4.5.3 (Java/9.0.4)
13:14:50.878 [Forwarding setTimeout on session 1af73633-d3b2-456e-a9f2-90af01b63324 to remote] DEBUG org.apache.http.headers - http-outgoing-1 >> Accept-Encoding: gzip,deflate
13:14:50.878 [Forwarding setTimeout on session 1af73633-d3b2-456e-a9f2-90af01b63324 to remote] DEBUG org.apache.http.wire - http-outgoing-1 >> "POST /wd/hub/session/1af73633-d3b2-456e-a9f2-90af01b63324/timeouts HTTP/1.1[\r][\n]"
13:14:50.878 [Forwarding setTimeout on session 1af73633-d3b2-456e-a9f2-90af01b63324 to remote] DEBUG org.apache.http.wire - http-outgoing-1 >> "Content-Type: application/json; charset=utf-8[\r][\n]"
13:14:50.878 [Forwarding setTimeout on session 1af73633-d3b2-456e-a9f2-90af01b63324 to remote] DEBUG org.apache.http.wire - http-outgoing-1 >> "Content-Length: 30[\r][\n]"
13:14:50.878 [Forwarding setTimeout on session 1af73633-d3b2-456e-a9f2-90af01b63324 to remote] DEBUG org.apache.http.wire - http-outgoing-1 >> "Host: 127.0.0.1:4723[\r][\n]"
13:14:50.878 [Forwarding setTimeout on session 1af73633-d3b2-456e-a9f2-90af01b63324 to remote] DEBUG org.apache.http.wire - http-outgoing-1 >> "Connection: Keep-Alive[\r][\n]"
13:14:50.878 [Forwarding setTimeout on session 1af73633-d3b2-456e-a9f2-90af01b63324 to remote] DEBUG org.apache.http.wire - http-outgoing-1 >> "User-Agent: Apache-HttpClient/4.5.3 (Java/9.0.4)[\r][\n]"
13:14:50.878 [Forwarding setTimeout on session 1af73633-d3b2-456e-a9f2-90af01b63324 to remote] DEBUG org.apache.http.wire - http-outgoing-1 >> "Accept-Encoding: gzip,deflate[\r][\n]"
13:14:50.878 [Forwarding setTimeout on session 1af73633-d3b2-456e-a9f2-90af01b63324 to remote] DEBUG org.apache.http.wire - http-outgoing-1 >> "[\r][\n]"
13:14:50.878 [Forwarding setTimeout on session 1af73633-d3b2-456e-a9f2-90af01b63324 to remote] DEBUG org.apache.http.wire - http-outgoing-1 >> "{"type":"implicit","ms":50000}"
13:14:51.258 [Forwarding setTimeout on session 1af73633-d3b2-456e-a9f2-90af01b63324 to remote] DEBUG org.apache.http.wire - http-outgoing-1 << "HTTP/1.1 200 OK[\r][\n]"
13:14:51.259 [Forwarding setTimeout on session 1af73633-d3b2-456e-a9f2-90af01b63324 to remote] DEBUG org.apache.http.wire - http-outgoing-1 << "X-Powered-By: Express[\r][\n]"
13:14:51.259 [Forwarding setTimeout on session 1af73633-d3b2-456e-a9f2-90af01b63324 to remote] DEBUG org.apache.http.wire - http-outgoing-1 << "Access-Control-Allow-Origin: *[\r][\n]"
13:14:51.259 [Forwarding setTimeout on session 1af73633-d3b2-456e-a9f2-90af01b63324 to remote] DEBUG org.apache.http.wire - http-outgoing-1 << "Access-Control-Allow-Methods: GET,POST,PUT,OPTIONS,DELETE[\r][\n]"
13:14:51.259 [Forwarding setTimeout on session 1af73633-d3b2-456e-a9f2-90af01b63324 to remote] DEBUG org.apache.http.wire - http-outgoing-1 << "Access-Control-Allow-Headers: origin, content-type, accept[\r][\n]"
13:14:51.259 [Forwarding setTimeout on session 1af73633-d3b2-456e-a9f2-90af01b63324 to remote] DEBUG org.apache.http.wire - http-outgoing-1 << "Vary: X-HTTP-Method-Override[\r][\n]"
13:14:51.259 [Forwarding setTimeout on session 1af73633-d3b2-456e-a9f2-90af01b63324 to remote] DEBUG org.apache.http.wire - http-outgoing-1 << "Content-Type: application/json; charset=utf-8[\r][\n]"
13:14:51.259 [Forwarding setTimeout on session 1af73633-d3b2-456e-a9f2-90af01b63324 to remote] DEBUG org.apache.http.wire - http-outgoing-1 << "Content-Length: 76[\r][\n]"
13:14:51.259 [Forwarding setTimeout on session 1af73633-d3b2-456e-a9f2-90af01b63324 to remote] DEBUG org.apache.http.wire - http-outgoing-1 << "ETag: W/"4c-9dhYDo04iBp4qfi/vOmb9b8/0LI"[\r][\n]"
13:14:51.260 [Forwarding setTimeout on session 1af73633-d3b2-456e-a9f2-90af01b63324 to remote] DEBUG org.apache.http.wire - http-outgoing-1 << "Date: Tue, 27 Feb 2018 11:14:51 GMT[\r][\n]"
13:14:51.260 [Forwarding setTimeout on session 1af73633-d3b2-456e-a9f2-90af01b63324 to remote] DEBUG org.apache.http.wire - http-outgoing-1 << "Connection: keep-alive[\r][\n]"
13:14:51.260 [Forwarding setTimeout on session 1af73633-d3b2-456e-a9f2-90af01b63324 to remote] DEBUG org.apache.http.wire - http-outgoing-1 << "[\r][\n]"
13:14:51.260 [Forwarding setTimeout on session 1af73633-d3b2-456e-a9f2-90af01b63324 to remote] DEBUG org.apache.http.wire - http-outgoing-1 << "{"status":0,"value":null,"sessionId":"1af73633-d3b2-456e-a9f2-90af01b63324"}"
13:14:51.261 [Forwarding setTimeout on session 1af73633-d3b2-456e-a9f2-90af01b63324 to remote] DEBUG org.apache.http.headers - http-outgoing-1 << HTTP/1.1 200 OK
13:14:51.261 [Forwarding setTimeout on session 1af73633-d3b2-456e-a9f2-90af01b63324 to remote] DEBUG org.apache.http.headers - http-outgoing-1 << X-Powered-By: Express
13:14:51.261 [Forwarding setTimeout on session 1af73633-d3b2-456e-a9f2-90af01b63324 to remote] DEBUG org.apache.http.headers - http-outgoing-1 << Access-Control-Allow-Origin: *
13:14:51.261 [Forwarding setTimeout on session 1af73633-d3b2-456e-a9f2-90af01b63324 to remote] DEBUG org.apache.http.headers - http-outgoing-1 << Access-Control-Allow-Methods: GET,POST,PUT,OPTIONS,DELETE
13:14:51.261 [Forwarding setTimeout on session 1af73633-d3b2-456e-a9f2-90af01b63324 to remote] DEBUG org.apache.http.headers - http-outgoing-1 << Access-Control-Allow-Headers: origin, content-type, accept
13:14:51.261 [Forwarding setTimeout on session 1af73633-d3b2-456e-a9f2-90af01b63324 to remote] DEBUG org.apache.http.headers - http-outgoing-1 << Vary: X-HTTP-Method-Override
13:14:51.261 [Forwarding setTimeout on session 1af73633-d3b2-456e-a9f2-90af01b63324 to remote] DEBUG org.apache.http.headers - http-outgoing-1 << Content-Type: application/json; charset=utf-8
13:14:51.261 [Forwarding setTimeout on session 1af73633-d3b2-456e-a9f2-90af01b63324 to remote] DEBUG org.apache.http.headers - http-outgoing-1 << Content-Length: 76
13:14:51.261 [Forwarding setTimeout on session 1af73633-d3b2-456e-a9f2-90af01b63324 to remote] DEBUG org.apache.http.headers - http-outgoing-1 << ETag: W/"4c-9dhYDo04iBp4qfi/vOmb9b8/0LI"
13:14:51.261 [Forwarding setTimeout on session 1af73633-d3b2-456e-a9f2-90af01b63324 to remote] DEBUG org.apache.http.headers - http-outgoing-1 << Date: Tue, 27 Feb 2018 11:14:51 GMT
13:14:51.261 [Forwarding setTimeout on session 1af73633-d3b2-456e-a9f2-90af01b63324 to remote] DEBUG org.apache.http.headers - http-outgoing-1 << Connection: keep-alive
13:14:51.261 [Forwarding setTimeout on session 1af73633-d3b2-456e-a9f2-90af01b63324 to remote] DEBUG o.a.h.impl.execchain.MainClientExec - Connection can be kept alive indefinitely
13:14:51.262 [Forwarding setTimeout on session 1af73633-d3b2-456e-a9f2-90af01b63324 to remote] DEBUG o.a.h.i.c.PoolingHttpClientConnectionManager - Connection [id: 1][route: {}->http://127.0.0.1:4723] can be kept alive indefinitely
13:14:51.262 [Forwarding setTimeout on session 1af73633-d3b2-456e-a9f2-90af01b63324 to remote] DEBUG o.a.h.i.c.PoolingHttpClientConnectionManager - Connection released: [id: 1][route: {}->http://127.0.0.1:4723][total kept alive: 1; route allocated: 1 of 2000; total allocated: 1 of 2000]
13:14:51.265 [Forwarding findElement on session 1af73633-d3b2-456e-a9f2-90af01b63324 to remote] DEBUG o.a.h.c.protocol.RequestAddCookies - CookieSpec selected: default
13:14:51.266 [Forwarding findElement on session 1af73633-d3b2-456e-a9f2-90af01b63324 to remote] DEBUG o.a.h.c.protocol.RequestAuthCache - Auth cache not set in the context
13:14:51.266 [Forwarding findElement on session 1af73633-d3b2-456e-a9f2-90af01b63324 to remote] DEBUG o.a.h.i.c.PoolingHttpClientConnectionManager - Connection request: [route: {}->http://127.0.0.1:4723][total kept alive: 1; route allocated: 1 of 2000; total allocated: 1 of 2000]
13:14:51.266 [Forwarding findElement on session 1af73633-d3b2-456e-a9f2-90af01b63324 to remote] DEBUG o.a.h.i.c.PoolingHttpClientConnectionManager - Connection leased: [id: 1][route: {}->http://127.0.0.1:4723][total kept alive: 0; route allocated: 1 of 2000; total allocated: 1 of 2000]
13:14:51.266 [Forwarding findElement on session 1af73633-d3b2-456e-a9f2-90af01b63324 to remote] DEBUG o.a.h.impl.execchain.MainClientExec - Stale connection check
13:14:51.268 [Forwarding findElement on session 1af73633-d3b2-456e-a9f2-90af01b63324 to remote] DEBUG org.apache.http.wire - http-outgoing-1 << "[read] I/O error: Read timed out"
13:14:51.268 [Forwarding findElement on session 1af73633-d3b2-456e-a9f2-90af01b63324 to remote] DEBUG o.a.h.i.c.DefaultManagedHttpClientConnection - http-outgoing-1: set socket timeout to 10800000
13:14:51.268 [Forwarding findElement on session 1af73633-d3b2-456e-a9f2-90af01b63324 to remote] DEBUG o.a.h.impl.execchain.MainClientExec - Executing request POST /wd/hub/session/1af73633-d3b2-456e-a9f2-90af01b63324/element HTTP/1.1
13:14:51.268 [Forwarding findElement on session 1af73633-d3b2-456e-a9f2-90af01b63324 to remote] DEBUG o.a.h.impl.execchain.MainClientExec - Target auth state: UNCHALLENGED
13:14:51.268 [Forwarding findElement on session 1af73633-d3b2-456e-a9f2-90af01b63324 to remote] DEBUG o.a.h.impl.execchain.MainClientExec - Proxy auth state: UNCHALLENGED
13:14:51.268 [Forwarding findElement on session 1af73633-d3b2-456e-a9f2-90af01b63324 to remote] DEBUG org.apache.http.headers - http-outgoing-1 >> POST /wd/hub/session/1af73633-d3b2-456e-a9f2-90af01b63324/element HTTP/1.1
13:14:51.268 [Forwarding findElement on session 1af73633-d3b2-456e-a9f2-90af01b63324 to remote] DEBUG org.apache.http.headers - http-outgoing-1 >> Content-Type: application/json; charset=utf-8
13:14:51.268 [Forwarding findElement on session 1af73633-d3b2-456e-a9f2-90af01b63324 to remote] DEBUG org.apache.http.headers - http-outgoing-1 >> Content-Length: 32
13:14:51.268 [Forwarding findElement on session 1af73633-d3b2-456e-a9f2-90af01b63324 to remote] DEBUG org.apache.http.headers - http-outgoing-1 >> Host: 127.0.0.1:4723
13:14:51.268 [Forwarding findElement on session 1af73633-d3b2-456e-a9f2-90af01b63324 to remote] DEBUG org.apache.http.headers - http-outgoing-1 >> Connection: Keep-Alive
13:14:51.268 [Forwarding findElement on session 1af73633-d3b2-456e-a9f2-90af01b63324 to remote] DEBUG org.apache.http.headers - http-outgoing-1 >> User-Agent: Apache-HttpClient/4.5.3 (Java/9.0.4)
13:14:51.269 [Forwarding findElement on session 1af73633-d3b2-456e-a9f2-90af01b63324 to remote] DEBUG org.apache.http.headers - http-outgoing-1 >> Accept-Encoding: gzip,deflate
13:14:51.269 [Forwarding findElement on session 1af73633-d3b2-456e-a9f2-90af01b63324 to remote] DEBUG org.apache.http.wire - http-outgoing-1 >> "POST /wd/hub/session/1af73633-d3b2-456e-a9f2-90af01b63324/element HTTP/1.1[\r][\n]"
13:14:51.269 [Forwarding findElement on session 1af73633-d3b2-456e-a9f2-90af01b63324 to remote] DEBUG org.apache.http.wire - http-outgoing-1 >> "Content-Type: application/json; charset=utf-8[\r][\n]"
13:14:51.269 [Forwarding findElement on session 1af73633-d3b2-456e-a9f2-90af01b63324 to remote] DEBUG org.apache.http.wire - http-outgoing-1 >> "Content-Length: 32[\r][\n]"
13:14:51.269 [Forwarding findElement on session 1af73633-d3b2-456e-a9f2-90af01b63324 to remote] DEBUG org.apache.http.wire - http-outgoing-1 >> "Host: 127.0.0.1:4723[\r][\n]"
13:14:51.269 [Forwarding findElement on session 1af73633-d3b2-456e-a9f2-90af01b63324 to remote] DEBUG org.apache.http.wire - http-outgoing-1 >> "Connection: Keep-Alive[\r][\n]"
13:14:51.269 [Forwarding findElement on session 1af73633-d3b2-456e-a9f2-90af01b63324 to remote] DEBUG org.apache.http.wire - http-outgoing-1 >> "User-Agent: Apache-HttpClient/4.5.3 (Java/9.0.4)[\r][\n]"
13:14:51.269 [Forwarding findElement on session 1af73633-d3b2-456e-a9f2-90af01b63324 to remote] DEBUG org.apache.http.wire - http-outgoing-1 >> "Accept-Encoding: gzip,deflate[\r][\n]"
13:14:51.269 [Forwarding findElement on session 1af73633-d3b2-456e-a9f2-90af01b63324 to remote] DEBUG org.apache.http.wire - http-outgoing-1 >> "[\r][\n]"
13:14:51.269 [Forwarding findElement on session 1af73633-d3b2-456e-a9f2-90af01b63324 to remote] DEBUG org.apache.http.wire - http-outgoing-1 >> "{"using":"name","value":"Qatar"}"
13:14:51.563 [Forwarding findElement on session 1af73633-d3b2-456e-a9f2-90af01b63324 to remote] DEBUG org.apache.http.wire - http-outgoing-1 << "HTTP/1.1 200 OK[\r][\n]"
13:14:51.563 [Forwarding findElement on session 1af73633-d3b2-456e-a9f2-90af01b63324 to remote] DEBUG org.apache.http.wire - http-outgoing-1 << "X-Powered-By: Express[\r][\n]"
13:14:51.563 [Forwarding findElement on session 1af73633-d3b2-456e-a9f2-90af01b63324 to remote] DEBUG org.apache.http.wire - http-outgoing-1 << "Access-Control-Allow-Origin: *[\r][\n]"
13:14:51.563 [Forwarding findElement on session 1af73633-d3b2-456e-a9f2-90af01b63324 to remote] DEBUG org.apache.http.wire - http-outgoing-1 << "Access-Control-Allow-Methods: GET,POST,PUT,OPTIONS,DELETE[\r][\n]"
13:14:51.563 [Forwarding findElement on session 1af73633-d3b2-456e-a9f2-90af01b63324 to remote] DEBUG org.apache.http.wire - http-outgoing-1 << "Access-Control-Allow-Headers: origin, content-type, accept[\r][\n]"
13:14:51.563 [Forwarding findElement on session 1af73633-d3b2-456e-a9f2-90af01b63324 to remote] DEBUG org.apache.http.wire - http-outgoing-1 << "Vary: X-HTTP-Method-Override[\r][\n]"
13:14:51.563 [Forwarding findElement on session 1af73633-d3b2-456e-a9f2-90af01b63324 to remote] DEBUG org.apache.http.wire - http-outgoing-1 << "Content-Type: application/json; charset=utf-8[\r][\n]"
13:14:51.563 [Forwarding findElement on session 1af73633-d3b2-456e-a9f2-90af01b63324 to remote] DEBUG org.apache.http.wire - http-outgoing-1 << "Content-Length: 122[\r][\n]"
13:14:51.563 [Forwarding findElement on session 1af73633-d3b2-456e-a9f2-90af01b63324 to remote] DEBUG org.apache.http.wire - http-outgoing-1 << "ETag: W/"7a-2saEyXwkoaI5I2UpFGRtfmxTFIQ"[\r][\n]"
13:14:51.563 [Forwarding findElement on session 1af73633-d3b2-456e-a9f2-90af01b63324 to remote] DEBUG org.apache.http.wire - http-outgoing-1 << "Date: Tue, 27 Feb 2018 11:14:51 GMT[\r][\n]"
13:14:51.563 [Forwarding findElement on session 1af73633-d3b2-456e-a9f2-90af01b63324 to remote] DEBUG org.apache.http.wire - http-outgoing-1 << "Connection: keep-alive[\r][\n]"
13:14:51.563 [Forwarding findElement on session 1af73633-d3b2-456e-a9f2-90af01b63324 to remote] DEBUG org.apache.http.wire - http-outgoing-1 << "[\r][\n]"
13:14:51.563 [Forwarding findElement on session 1af73633-d3b2-456e-a9f2-90af01b63324 to remote] DEBUG org.apache.http.wire - http-outgoing-1 << "{"status":0,"value":{"ELEMENT":"774474CE-5259-42D2-A42B-3F78EA6BC774"},"sessionId":"1af73633-d3b2-456e-a9f2-90af01b63324"}"
13:14:51.563 [Forwarding findElement on session 1af73633-d3b2-456e-a9f2-90af01b63324 to remote] DEBUG org.apache.http.headers - http-outgoing-1 << HTTP/1.1 200 OK
13:14:51.563 [Forwarding findElement on session 1af73633-d3b2-456e-a9f2-90af01b63324 to remote] DEBUG org.apache.http.headers - http-outgoing-1 << X-Powered-By: Express
13:14:51.563 [Forwarding findElement on session 1af73633-d3b2-456e-a9f2-90af01b63324 to remote] DEBUG org.apache.http.headers - http-outgoing-1 << Access-Control-Allow-Origin: *
13:14:51.563 [Forwarding findElement on session 1af73633-d3b2-456e-a9f2-90af01b63324 to remote] DEBUG org.apache.http.headers - http-outgoing-1 << Access-Control-Allow-Methods: GET,POST,PUT,OPTIONS,DELETE
13:14:51.563 [Forwarding findElement on session 1af73633-d3b2-456e-a9f2-90af01b63324 to remote] DEBUG org.apache.http.headers - http-outgoing-1 << Access-Control-Allow-Headers: origin, content-type, accept
13:14:51.564 [Forwarding findElement on session 1af73633-d3b2-456e-a9f2-90af01b63324 to remote] DEBUG org.apache.http.headers - http-outgoing-1 << Vary: X-HTTP-Method-Override
13:14:51.564 [Forwarding findElement on session 1af73633-d3b2-456e-a9f2-90af01b63324 to remote] DEBUG org.apache.http.headers - http-outgoing-1 << Content-Type: application/json; charset=utf-8
13:14:51.564 [Forwarding findElement on session 1af73633-d3b2-456e-a9f2-90af01b63324 to remote] DEBUG org.apache.http.headers - http-outgoing-1 << Content-Length: 122
13:14:51.564 [Forwarding findElement on session 1af73633-d3b2-456e-a9f2-90af01b63324 to remote] DEBUG org.apache.http.headers - http-outgoing-1 << ETag: W/"7a-2saEyXwkoaI5I2UpFGRtfmxTFIQ"
13:14:51.564 [Forwarding findElement on session 1af73633-d3b2-456e-a9f2-90af01b63324 to remote] DEBUG org.apache.http.headers - http-outgoing-1 << Date: Tue, 27 Feb 2018 11:14:51 GMT
13:14:51.564 [Forwarding findElement on session 1af73633-d3b2-456e-a9f2-90af01b63324 to remote] DEBUG org.apache.http.headers - http-outgoing-1 << Connection: keep-alive
13:14:51.564 [Forwarding findElement on session 1af73633-d3b2-456e-a9f2-90af01b63324 to remote] DEBUG o.a.h.impl.execchain.MainClientExec - Connection can be kept alive indefinitely
13:14:51.564 [Forwarding findElement on session 1af73633-d3b2-456e-a9f2-90af01b63324 to remote] DEBUG o.a.h.i.c.PoolingHttpClientConnectionManager - Connection [id: 1][route: {}->http://127.0.0.1:4723] can be kept alive indefinitely
13:14:51.564 [Forwarding findElement on session 1af73633-d3b2-456e-a9f2-90af01b63324 to remote] DEBUG o.a.h.i.c.PoolingHttpClientConnectionManager - Connection released: [id: 1][route: {}->http://127.0.0.1:4723][total kept alive: 1; route allocated: 1 of 2000; total allocated: 1 of 2000]
13:14:51.567 [Forwarding clickElement on session 1af73633-d3b2-456e-a9f2-90af01b63324 to remote] DEBUG o.a.h.c.protocol.RequestAddCookies - CookieSpec selected: default
13:14:51.567 [Forwarding clickElement on session 1af73633-d3b2-456e-a9f2-90af01b63324 to remote] DEBUG o.a.h.c.protocol.RequestAuthCache - Auth cache not set in the context
13:14:51.567 [Forwarding clickElement on session 1af73633-d3b2-456e-a9f2-90af01b63324 to remote] DEBUG o.a.h.i.c.PoolingHttpClientConnectionManager - Connection request: [route: {}->http://127.0.0.1:4723][total kept alive: 1; route allocated: 1 of 2000; total allocated: 1 of 2000]
13:14:51.567 [Forwarding clickElement on session 1af73633-d3b2-456e-a9f2-90af01b63324 to remote] DEBUG o.a.h.i.c.PoolingHttpClientConnectionManager - Connection leased: [id: 1][route: {}->http://127.0.0.1:4723][total kept alive: 0; route allocated: 1 of 2000; total allocated: 1 of 2000]
13:14:51.567 [Forwarding clickElement on session 1af73633-d3b2-456e-a9f2-90af01b63324 to remote] DEBUG o.a.h.impl.execchain.MainClientExec - Stale connection check
13:14:51.569 [Forwarding clickElement on session 1af73633-d3b2-456e-a9f2-90af01b63324 to remote] DEBUG org.apache.http.wire - http-outgoing-1 << "[read] I/O error: Read timed out"
13:14:51.569 [Forwarding clickElement on session 1af73633-d3b2-456e-a9f2-90af01b63324 to remote] DEBUG o.a.h.i.c.DefaultManagedHttpClientConnection - http-outgoing-1: set socket timeout to 10800000
13:14:51.569 [Forwarding clickElement on session 1af73633-d3b2-456e-a9f2-90af01b63324 to remote] DEBUG o.a.h.impl.execchain.MainClientExec - Executing request POST /wd/hub/session/1af73633-d3b2-456e-a9f2-90af01b63324/element/774474CE-5259-42D2-A42B-3F78EA6BC774/click HTTP/1.1
13:14:51.569 [Forwarding clickElement on session 1af73633-d3b2-456e-a9f2-90af01b63324 to remote] DEBUG o.a.h.impl.execchain.MainClientExec - Target auth state: UNCHALLENGED
13:14:51.569 [Forwarding clickElement on session 1af73633-d3b2-456e-a9f2-90af01b63324 to remote] DEBUG o.a.h.impl.execchain.MainClientExec - Proxy auth state: UNCHALLENGED
13:14:51.569 [Forwarding clickElement on session 1af73633-d3b2-456e-a9f2-90af01b63324 to remote] DEBUG org.apache.http.headers - http-outgoing-1 >> POST /wd/hub/session/1af73633-d3b2-456e-a9f2-90af01b63324/element/774474CE-5259-42D2-A42B-3F78EA6BC774/click HTTP/1.1
13:14:51.569 [Forwarding clickElement on session 1af73633-d3b2-456e-a9f2-90af01b63324 to remote] DEBUG org.apache.http.headers - http-outgoing-1 >> Content-Type: application/json; charset=utf-8
13:14:51.569 [Forwarding clickElement on session 1af73633-d3b2-456e-a9f2-90af01b63324 to remote] DEBUG org.apache.http.headers - http-outgoing-1 >> Content-Length: 45
13:14:51.569 [Forwarding clickElement on session 1af73633-d3b2-456e-a9f2-90af01b63324 to remote] DEBUG org.apache.http.headers - http-outgoing-1 >> Host: 127.0.0.1:4723
13:14:51.569 [Forwarding clickElement on session 1af73633-d3b2-456e-a9f2-90af01b63324 to remote] DEBUG org.apache.http.headers - http-outgoing-1 >> Connection: Keep-Alive
13:14:51.569 [Forwarding clickElement on session 1af73633-d3b2-456e-a9f2-90af01b63324 to remote] DEBUG org.apache.http.headers - http-outgoing-1 >> User-Agent: Apache-HttpClient/4.5.3 (Java/9.0.4)
13:14:51.569 [Forwarding clickElement on session 1af73633-d3b2-456e-a9f2-90af01b63324 to remote] DEBUG org.apache.http.headers - http-outgoing-1 >> Accept-Encoding: gzip,deflate
13:14:51.569 [Forwarding clickElement on session 1af73633-d3b2-456e-a9f2-90af01b63324 to remote] DEBUG org.apache.http.wire - http-outgoing-1 >> "POST /wd/hub/session/1af73633-d3b2-456e-a9f2-90af01b63324/element/774474CE-5259-42D2-A42B-3F78EA6BC774/click HTTP/1.1[\r][\n]"
13:14:51.569 [Forwarding clickElement on session 1af73633-d3b2-456e-a9f2-90af01b63324 to remote] DEBUG org.apache.http.wire - http-outgoing-1 >> "Content-Type: application/json; charset=utf-8[\r][\n]"
13:14:51.569 [Forwarding clickElement on session 1af73633-d3b2-456e-a9f2-90af01b63324 to remote] DEBUG org.apache.http.wire - http-outgoing-1 >> "Content-Length: 45[\r][\n]"
13:14:51.569 [Forwarding clickElement on session 1af73633-d3b2-456e-a9f2-90af01b63324 to remote] DEBUG org.apache.http.wire - http-outgoing-1 >> "Host: 127.0.0.1:4723[\r][\n]"
13:14:51.569 [Forwarding clickElement on session 1af73633-d3b2-456e-a9f2-90af01b63324 to remote] DEBUG org.apache.http.wire - http-outgoing-1 >> "Connection: Keep-Alive[\r][\n]"
13:14:51.569 [Forwarding clickElement on session 1af73633-d3b2-456e-a9f2-90af01b63324 to remote] DEBUG org.apache.http.wire - http-outgoing-1 >> "User-Agent: Apache-HttpClient/4.5.3 (Java/9.0.4)[\r][\n]"
13:14:51.569 [Forwarding clickElement on session 1af73633-d3b2-456e-a9f2-90af01b63324 to remote] DEBUG org.apache.http.wire - http-outgoing-1 >> "Accept-Encoding: gzip,deflate[\r][\n]"
13:14:51.569 [Forwarding clickElement on session 1af73633-d3b2-456e-a9f2-90af01b63324 to remote] DEBUG org.apache.http.wire - http-outgoing-1 >> "[\r][\n]"
13:14:51.569 [Forwarding clickElement on session 1af73633-d3b2-456e-a9f2-90af01b63324 to remote] DEBUG org.apache.http.wire - http-outgoing-1 >> "{"id":"774474CE-5259-42D2-A42B-3F78EA6BC774"}"
13:14:52.596 [Forwarding clickElement on session 1af73633-d3b2-456e-a9f2-90af01b63324 to remote] DEBUG org.apache.http.wire - http-outgoing-1 << "HTTP/1.1 200 OK[\r][\n]"
13:14:52.596 [Forwarding clickElement on session 1af73633-d3b2-456e-a9f2-90af01b63324 to remote] DEBUG org.apache.http.wire - http-outgoing-1 << "X-Powered-By: Express[\r][\n]"
13:14:52.596 [Forwarding clickElement on session 1af73633-d3b2-456e-a9f2-90af01b63324 to remote] DEBUG org.apache.http.wire - http-outgoing-1 << "Access-Control-Allow-Origin: *[\r][\n]"
13:14:52.596 [Forwarding clickElement on session 1af73633-d3b2-456e-a9f2-90af01b63324 to remote] DEBUG org.apache.http.wire - http-outgoing-1 << "Access-Control-Allow-Methods: GET,POST,PUT,OPTIONS,DELETE[\r][\n]"
13:14:52.596 [Forwarding clickElement on session 1af73633-d3b2-456e-a9f2-90af01b63324 to remote] DEBUG org.apache.http.wire - http-outgoing-1 << "Access-Control-Allow-Headers: origin, content-type, accept[\r][\n]"
13:14:52.596 [Forwarding clickElement on session 1af73633-d3b2-456e-a9f2-90af01b63324 to remote] DEBUG org.apache.http.wire - http-outgoing-1 << "Vary: X-HTTP-Method-Override[\r][\n]"
13:14:52.596 [Forwarding clickElement on session 1af73633-d3b2-456e-a9f2-90af01b63324 to remote] DEBUG org.apache.http.wire - http-outgoing-1 << "Content-Type: application/json; charset=utf-8[\r][\n]"
13:14:52.596 [Forwarding clickElement on session 1af73633-d3b2-456e-a9f2-90af01b63324 to remote] DEBUG org.apache.http.wire - http-outgoing-1 << "Content-Length: 118[\r][\n]"
13:14:52.596 [Forwarding clickElement on session 1af73633-d3b2-456e-a9f2-90af01b63324 to remote] DEBUG org.apache.http.wire - http-outgoing-1 << "ETag: W/"76-Za8IhLCqE0Y8bCwOdVE48xeH8ts"[\r][\n]"
13:14:52.596 [Forwarding clickElement on session 1af73633-d3b2-456e-a9f2-90af01b63324 to remote] DEBUG org.apache.http.wire - http-outgoing-1 << "Date: Tue, 27 Feb 2018 11:14:52 GMT[\r][\n]"
13:14:52.596 [Forwarding clickElement on session 1af73633-d3b2-456e-a9f2-90af01b63324 to remote] DEBUG org.apache.http.wire - http-outgoing-1 << "Connection: keep-alive[\r][\n]"
13:14:52.596 [Forwarding clickElement on session 1af73633-d3b2-456e-a9f2-90af01b63324 to remote] DEBUG org.apache.http.wire - http-outgoing-1 << "[\r][\n]"
13:14:52.596 [Forwarding clickElement on session 1af73633-d3b2-456e-a9f2-90af01b63324 to remote] DEBUG org.apache.http.wire - http-outgoing-1 << "{"status":0,"id":"774474CE-5259-42D2-A42B-3F78EA6BC774","value":"","sessionId":"1af73633-d3b2-456e-a9f2-90af01b63324"}"
13:14:52.596 [Forwarding clickElement on session 1af73633-d3b2-456e-a9f2-90af01b63324 to remote] DEBUG org.apache.http.headers - http-outgoing-1 << HTTP/1.1 200 OK
13:14:52.596 [Forwarding clickElement on session 1af73633-d3b2-456e-a9f2-90af01b63324 to remote] DEBUG org.apache.http.headers - http-outgoing-1 << X-Powered-By: Express
13:14:52.596 [Forwarding clickElement on session 1af73633-d3b2-456e-a9f2-90af01b63324 to remote] DEBUG org.apache.http.headers - http-outgoing-1 << Access-Control-Allow-Origin: *
13:14:52.596 [Forwarding clickElement on session 1af73633-d3b2-456e-a9f2-90af01b63324 to remote] DEBUG org.apache.http.headers - http-outgoing-1 << Access-Control-Allow-Methods: GET,POST,PUT,OPTIONS,DELETE
13:14:52.596 [Forwarding clickElement on session 1af73633-d3b2-456e-a9f2-90af01b63324 to remote] DEBUG org.apache.http.headers - http-outgoing-1 << Access-Control-Allow-Headers: origin, content-type, accept
13:14:52.596 [Forwarding clickElement on session 1af73633-d3b2-456e-a9f2-90af01b63324 to remote] DEBUG org.apache.http.headers - http-outgoing-1 << Vary: X-HTTP-Method-Override
13:14:52.596 [Forwarding clickElement on session 1af73633-d3b2-456e-a9f2-90af01b63324 to remote] DEBUG org.apache.http.headers - http-outgoing-1 << Content-Type: application/json; charset=utf-8
13:14:52.596 [Forwarding clickElement on session 1af73633-d3b2-456e-a9f2-90af01b63324 to remote] DEBUG org.apache.http.headers - http-outgoing-1 << Content-Length: 118
13:14:52.596 [Forwarding clickElement on session 1af73633-d3b2-456e-a9f2-90af01b63324 to remote] DEBUG org.apache.http.headers - http-outgoing-1 << ETag: W/"76-Za8IhLCqE0Y8bCwOdVE48xeH8ts"
13:14:52.596 [Forwarding clickElement on session 1af73633-d3b2-456e-a9f2-90af01b63324 to remote] DEBUG org.apache.http.headers - http-outgoing-1 << Date: Tue, 27 Feb 2018 11:14:52 GMT
13:14:52.596 [Forwarding clickElement on session 1af73633-d3b2-456e-a9f2-90af01b63324 to remote] DEBUG org.apache.http.headers - http-outgoing-1 << Connection: keep-alive
13:14:52.597 [Forwarding clickElement on session 1af73633-d3b2-456e-a9f2-90af01b63324 to remote] DEBUG o.a.h.impl.execchain.MainClientExec - Connection can be kept alive indefinitely
13:14:52.597 [Forwarding clickElement on session 1af73633-d3b2-456e-a9f2-90af01b63324 to remote] DEBUG o.a.h.i.c.PoolingHttpClientConnectionManager - Connection [id: 1][route: {}->http://127.0.0.1:4723] can be kept alive indefinitely
13:14:52.597 [Forwarding clickElement on session 1af73633-d3b2-456e-a9f2-90af01b63324 to remote] DEBUG o.a.h.i.c.PoolingHttpClientConnectionManager - Connection released: [id: 1][route: {}->http://127.0.0.1:4723][total kept alive: 1; route allocated: 1 of 2000; total allocated: 1 of 2000]
13:14:52.601 [Forwarding findElement on session 1af73633-d3b2-456e-a9f2-90af01b63324 to remote] DEBUG o.a.h.c.protocol.RequestAddCookies - CookieSpec selected: default
13:14:52.601 [Forwarding findElement on session 1af73633-d3b2-456e-a9f2-90af01b63324 to remote] DEBUG o.a.h.c.protocol.RequestAuthCache - Auth cache not set in the context
13:14:52.601 [Forwarding findElement on session 1af73633-d3b2-456e-a9f2-90af01b63324 to remote] DEBUG o.a.h.i.c.PoolingHttpClientConnectionManager - Connection request: [route: {}->http://127.0.0.1:4723][total kept alive: 1; route allocated: 1 of 2000; total allocated: 1 of 2000]
13:14:52.601 [Forwarding findElement on session 1af73633-d3b2-456e-a9f2-90af01b63324 to remote] DEBUG o.a.h.i.c.PoolingHttpClientConnectionManager - Connection leased: [id: 1][route: {}->http://127.0.0.1:4723][total kept alive: 0; route allocated: 1 of 2000; total allocated: 1 of 2000]
13:14:52.601 [Forwarding findElement on session 1af73633-d3b2-456e-a9f2-90af01b63324 to remote] DEBUG o.a.h.impl.execchain.MainClientExec - Stale connection check
13:14:52.603 [Forwarding findElement on session 1af73633-d3b2-456e-a9f2-90af01b63324 to remote] DEBUG org.apache.http.wire - http-outgoing-1 << "[read] I/O error: Read timed out"
13:14:52.603 [Forwarding findElement on session 1af73633-d3b2-456e-a9f2-90af01b63324 to remote] DEBUG o.a.h.i.c.DefaultManagedHttpClientConnection - http-outgoing-1: set socket timeout to 10800000
13:14:52.603 [Forwarding findElement on session 1af73633-d3b2-456e-a9f2-90af01b63324 to remote] DEBUG o.a.h.impl.execchain.MainClientExec - Executing request POST /wd/hub/session/1af73633-d3b2-456e-a9f2-90af01b63324/element HTTP/1.1
13:14:52.604 [Forwarding findElement on session 1af73633-d3b2-456e-a9f2-90af01b63324 to remote] DEBUG o.a.h.impl.execchain.MainClientExec - Target auth state: UNCHALLENGED
13:14:52.604 [Forwarding findElement on session 1af73633-d3b2-456e-a9f2-90af01b63324 to remote] DEBUG o.a.h.impl.execchain.MainClientExec - Proxy auth state: UNCHALLENGED
13:14:52.604 [Forwarding findElement on session 1af73633-d3b2-456e-a9f2-90af01b63324 to remote] DEBUG org.apache.http.headers - http-outgoing-1 >> POST /wd/hub/session/1af73633-d3b2-456e-a9f2-90af01b63324/element HTTP/1.1
13:14:52.604 [Forwarding findElement on session 1af73633-d3b2-456e-a9f2-90af01b63324 to remote] DEBUG org.apache.http.headers - http-outgoing-1 >> Content-Type: application/json; charset=utf-8
13:14:52.604 [Forwarding findElement on session 1af73633-d3b2-456e-a9f2-90af01b63324 to remote] DEBUG org.apache.http.headers - http-outgoing-1 >> Content-Length: 67
13:14:52.604 [Forwarding findElement on session 1af73633-d3b2-456e-a9f2-90af01b63324 to remote] DEBUG org.apache.http.headers - http-outgoing-1 >> Host: 127.0.0.1:4723
13:14:52.604 [Forwarding findElement on session 1af73633-d3b2-456e-a9f2-90af01b63324 to remote] DEBUG org.apache.http.headers - http-outgoing-1 >> Connection: Keep-Alive
13:14:52.604 [Forwarding findElement on session 1af73633-d3b2-456e-a9f2-90af01b63324 to remote] DEBUG org.apache.http.headers - http-outgoing-1 >> User-Agent: Apache-HttpClient/4.5.3 (Java/9.0.4)
13:14:52.604 [Forwarding findElement on session 1af73633-d3b2-456e-a9f2-90af01b63324 to remote] DEBUG org.apache.http.headers - http-outgoing-1 >> Accept-Encoding: gzip,deflate
13:14:52.604 [Forwarding findElement on session 1af73633-d3b2-456e-a9f2-90af01b63324 to remote] DEBUG org.apache.http.wire - http-outgoing-1 >> "POST /wd/hub/session/1af73633-d3b2-456e-a9f2-90af01b63324/element HTTP/1.1[\r][\n]"
13:14:52.604 [Forwarding findElement on session 1af73633-d3b2-456e-a9f2-90af01b63324 to remote] DEBUG org.apache.http.wire - http-outgoing-1 >> "Content-Type: application/json; charset=utf-8[\r][\n]"
13:14:52.604 [Forwarding findElement on session 1af73633-d3b2-456e-a9f2-90af01b63324 to remote] DEBUG org.apache.http.wire - http-outgoing-1 >> "Content-Length: 67[\r][\n]"
13:14:52.604 [Forwarding findElement on session 1af73633-d3b2-456e-a9f2-90af01b63324 to remote] DEBUG org.apache.http.wire - http-outgoing-1 >> "Host: 127.0.0.1:4723[\r][\n]"
13:14:52.604 [Forwarding findElement on session 1af73633-d3b2-456e-a9f2-90af01b63324 to remote] DEBUG org.apache.http.wire - http-outgoing-1 >> "Connection: Keep-Alive[\r][\n]"
13:14:52.604 [Forwarding findElement on session 1af73633-d3b2-456e-a9f2-90af01b63324 to remote] DEBUG org.apache.http.wire - http-outgoing-1 >> "User-Agent: Apache-HttpClient/4.5.3 (Java/9.0.4)[\r][\n]"
13:14:52.604 [Forwarding findElement on session 1af73633-d3b2-456e-a9f2-90af01b63324 to remote] DEBUG org.apache.http.wire - http-outgoing-1 >> "Accept-Encoding: gzip,deflate[\r][\n]"
13:14:52.604 [Forwarding findElement on session 1af73633-d3b2-456e-a9f2-90af01b63324 to remote] DEBUG org.apache.http.wire - http-outgoing-1 >> "[\r][\n]"
13:14:52.604 [Forwarding findElement on session 1af73633-d3b2-456e-a9f2-90af01b63324 to remote] DEBUG org.apache.http.wire - http-outgoing-1 >> "{"using":"xpath","value":"//XCUIElementTypeButton[@name=\"Next\"]"}"
13:14:53.249 [Forwarding findElement on session 1af73633-d3b2-456e-a9f2-90af01b63324 to remote] DEBUG org.apache.http.wire - http-outgoing-1 << "HTTP/1.1 200 OK[\r][\n]"
13:14:53.249 [Forwarding findElement on session 1af73633-d3b2-456e-a9f2-90af01b63324 to remote] DEBUG org.apache.http.wire - http-outgoing-1 << "X-Powered-By: Express[\r][\n]"
13:14:53.249 [Forwarding findElement on session 1af73633-d3b2-456e-a9f2-90af01b63324 to remote] DEBUG org.apache.http.wire - http-outgoing-1 << "Access-Control-Allow-Origin: *[\r][\n]"
13:14:53.249 [Forwarding findElement on session 1af73633-d3b2-456e-a9f2-90af01b63324 to remote] DEBUG org.apache.http.wire - http-outgoing-1 << "Access-Control-Allow-Methods: GET,POST,PUT,OPTIONS,DELETE[\r][\n]"
13:14:53.249 [Forwarding findElement on session 1af73633-d3b2-456e-a9f2-90af01b63324 to remote] DEBUG org.apache.http.wire - http-outgoing-1 << "Access-Control-Allow-Headers: origin, content-type, accept[\r][\n]"
13:14:53.249 [Forwarding findElement on session 1af73633-d3b2-456e-a9f2-90af01b63324 to remote] DEBUG org.apache.http.wire - http-outgoing-1 << "Vary: X-HTTP-Method-Override[\r][\n]"
13:14:53.250 [Forwarding findElement on session 1af73633-d3b2-456e-a9f2-90af01b63324 to remote] DEBUG org.apache.http.wire - http-outgoing-1 << "Content-Type: application/json; charset=utf-8[\r][\n]"
13:14:53.250 [Forwarding findElement on session 1af73633-d3b2-456e-a9f2-90af01b63324 to remote] DEBUG org.apache.http.wire - http-outgoing-1 << "Content-Length: 122[\r][\n]"
13:14:53.250 [Forwarding findElement on session 1af73633-d3b2-456e-a9f2-90af01b63324 to remote] DEBUG org.apache.http.wire - http-outgoing-1 << "ETag: W/"7a-0kdereRCuDmndCIWZojNZ4/OKgQ"[\r][\n]"
13:14:53.250 [Forwarding findElement on session 1af73633-d3b2-456e-a9f2-90af01b63324 to remote] DEBUG org.apache.http.wire - http-outgoing-1 << "Date: Tue, 27 Feb 2018 11:14:53 GMT[\r][\n]"
13:14:53.250 [Forwarding findElement on session 1af73633-d3b2-456e-a9f2-90af01b63324 to remote] DEBUG org.apache.http.wire - http-outgoing-1 << "Connection: keep-alive[\r][\n]"
13:14:53.250 [Forwarding findElement on session 1af73633-d3b2-456e-a9f2-90af01b63324 to remote] DEBUG org.apache.http.wire - http-outgoing-1 << "[\r][\n]"
13:14:53.250 [Forwarding findElement on session 1af73633-d3b2-456e-a9f2-90af01b63324 to remote] DEBUG org.apache.http.wire - http-outgoing-1 << "{"status":0,"value":{"ELEMENT":"8C328B11-DD69-4043-BA30-CE54609B5EAA"},"sessionId":"1af73633-d3b2-456e-a9f2-90af01b63324"}"
13:14:53.250 [Forwarding findElement on session 1af73633-d3b2-456e-a9f2-90af01b63324 to remote] DEBUG org.apache.http.headers - http-outgoing-1 << HTTP/1.1 200 OK
13:14:53.250 [Forwarding findElement on session 1af73633-d3b2-456e-a9f2-90af01b63324 to remote] DEBUG org.apache.http.headers - http-outgoing-1 << X-Powered-By: Express
13:14:53.250 [Forwarding findElement on session 1af73633-d3b2-456e-a9f2-90af01b63324 to remote] DEBUG org.apache.http.headers - http-outgoing-1 << Access-Control-Allow-Origin: *
13:14:53.250 [Forwarding findElement on session 1af73633-d3b2-456e-a9f2-90af01b63324 to remote] DEBUG org.apache.http.headers - http-outgoing-1 << Access-Control-Allow-Methods: GET,POST,PUT,OPTIONS,DELETE
13:14:53.250 [Forwarding findElement on session 1af73633-d3b2-456e-a9f2-90af01b63324 to remote] DEBUG org.apache.http.headers - http-outgoing-1 << Access-Control-Allow-Headers: origin, content-type, accept
13:14:53.250 [Forwarding findElement on session 1af73633-d3b2-456e-a9f2-90af01b63324 to remote] DEBUG org.apache.http.headers - http-outgoing-1 << Vary: X-HTTP-Method-Override
13:14:53.250 [Forwarding findElement on session 1af73633-d3b2-456e-a9f2-90af01b63324 to remote] DEBUG org.apache.http.headers - http-outgoing-1 << Content-Type: application/json; charset=utf-8
13:14:53.250 [Forwarding findElement on session 1af73633-d3b2-456e-a9f2-90af01b63324 to remote] DEBUG org.apache.http.headers - http-outgoing-1 << Content-Length: 122
13:14:53.250 [Forwarding findElement on session 1af73633-d3b2-456e-a9f2-90af01b63324 to remote] DEBUG org.apache.http.headers - http-outgoing-1 << ETag: W/"7a-0kdereRCuDmndCIWZojNZ4/OKgQ"
13:14:53.250 [Forwarding findElement on session 1af73633-d3b2-456e-a9f2-90af01b63324 to remote] DEBUG org.apache.http.headers - http-outgoing-1 << Date: Tue, 27 Feb 2018 11:14:53 GMT
13:14:53.250 [Forwarding findElement on session 1af73633-d3b2-456e-a9f2-90af01b63324 to remote] DEBUG org.apache.http.headers - http-outgoing-1 << Connection: keep-alive
13:14:53.250 [Forwarding findElement on session 1af73633-d3b2-456e-a9f2-90af01b63324 to remote] DEBUG o.a.h.impl.execchain.MainClientExec - Connection can be kept alive indefinitely
13:14:53.251 [Forwarding findElement on session 1af73633-d3b2-456e-a9f2-90af01b63324 to remote] DEBUG o.a.h.i.c.PoolingHttpClientConnectionManager - Connection [id: 1][route: {}->http://127.0.0.1:4723] can be kept alive indefinitely
13:14:53.251 [Forwarding findElement on session 1af73633-d3b2-456e-a9f2-90af01b63324 to remote] DEBUG o.a.h.i.c.PoolingHttpClientConnectionManager - Connection released: [id: 1][route: {}->http://127.0.0.1:4723][total kept alive: 1; route allocated: 1 of 2000; total allocated: 1 of 2000]
13:14:53.253 [Forwarding clickElement on session 1af73633-d3b2-456e-a9f2-90af01b63324 to remote] DEBUG o.a.h.c.protocol.RequestAddCookies - CookieSpec selected: default
13:14:53.254 [Forwarding clickElement on session 1af73633-d3b2-456e-a9f2-90af01b63324 to remote] DEBUG o.a.h.c.protocol.RequestAuthCache - Auth cache not set in the context
13:14:53.254 [Forwarding clickElement on session 1af73633-d3b2-456e-a9f2-90af01b63324 to remote] DEBUG o.a.h.i.c.PoolingHttpClientConnectionManager - Connection request: [route: {}->http://127.0.0.1:4723][total kept alive: 1; route allocated: 1 of 2000; total allocated: 1 of 2000]
13:14:53.254 [Forwarding clickElement on session 1af73633-d3b2-456e-a9f2-90af01b63324 to remote] DEBUG o.a.h.i.c.PoolingHttpClientConnectionManager - Connection leased: [id: 1][route: {}->http://127.0.0.1:4723][total kept alive: 0; route allocated: 1 of 2000; total allocated: 1 of 2000]
13:14:53.254 [Forwarding clickElement on session 1af73633-d3b2-456e-a9f2-90af01b63324 to remote] DEBUG o.a.h.impl.execchain.MainClientExec - Stale connection check
13:14:53.256 [Forwarding clickElement on session 1af73633-d3b2-456e-a9f2-90af01b63324 to remote] DEBUG org.apache.http.wire - http-outgoing-1 << "[read] I/O error: Read timed out"
13:14:53.257 [Forwarding clickElement on session 1af73633-d3b2-456e-a9f2-90af01b63324 to remote] DEBUG o.a.h.i.c.DefaultManagedHttpClientConnection - http-outgoing-1: set socket timeout to 10800000
13:14:53.257 [Forwarding clickElement on session 1af73633-d3b2-456e-a9f2-90af01b63324 to remote] DEBUG o.a.h.impl.execchain.MainClientExec - Executing request POST /wd/hub/session/1af73633-d3b2-456e-a9f2-90af01b63324/element/8C328B11-DD69-4043-BA30-CE54609B5EAA/click HTTP/1.1
13:14:53.257 [Forwarding clickElement on session 1af73633-d3b2-456e-a9f2-90af01b63324 to remote] DEBUG o.a.h.impl.execchain.MainClientExec - Target auth state: UNCHALLENGED
13:14:53.257 [Forwarding clickElement on session 1af73633-d3b2-456e-a9f2-90af01b63324 to remote] DEBUG o.a.h.impl.execchain.MainClientExec - Proxy auth state: UNCHALLENGED
13:14:53.257 [Forwarding clickElement on session 1af73633-d3b2-456e-a9f2-90af01b63324 to remote] DEBUG org.apache.http.headers - http-outgoing-1 >> POST /wd/hub/session/1af73633-d3b2-456e-a9f2-90af01b63324/element/8C328B11-DD69-4043-BA30-CE54609B5EAA/click HTTP/1.1
13:14:53.257 [Forwarding clickElement on session 1af73633-d3b2-456e-a9f2-90af01b63324 to remote] DEBUG org.apache.http.headers - http-outgoing-1 >> Content-Type: application/json; charset=utf-8
13:14:53.257 [Forwarding clickElement on session 1af73633-d3b2-456e-a9f2-90af01b63324 to remote] DEBUG org.apache.http.headers - http-outgoing-1 >> Content-Length: 45
13:14:53.257 [Forwarding clickElement on session 1af73633-d3b2-456e-a9f2-90af01b63324 to remote] DEBUG org.apache.http.headers - http-outgoing-1 >> Host: 127.0.0.1:4723
13:14:53.257 [Forwarding clickElement on session 1af73633-d3b2-456e-a9f2-90af01b63324 to remote] DEBUG org.apache.http.headers - http-outgoing-1 >> Connection: Keep-Alive
13:14:53.257 [Forwarding clickElement on session 1af73633-d3b2-456e-a9f2-90af01b63324 to remote] DEBUG org.apache.http.headers - http-outgoing-1 >> User-Agent: Apache-HttpClient/4.5.3 (Java/9.0.4)
13:14:53.257 [Forwarding clickElement on session 1af73633-d3b2-456e-a9f2-90af01b63324 to remote] DEBUG org.apache.http.headers - http-outgoing-1 >> Accept-Encoding: gzip,deflate
13:14:53.257 [Forwarding clickElement on session 1af73633-d3b2-456e-a9f2-90af01b63324 to remote] DEBUG org.apache.http.wire - http-outgoing-1 >> "POST /wd/hub/session/1af73633-d3b2-456e-a9f2-90af01b63324/element/8C328B11-DD69-4043-BA30-CE54609B5EAA/click HTTP/1.1[\r][\n]"
13:14:53.257 [Forwarding clickElement on session 1af73633-d3b2-456e-a9f2-90af01b63324 to remote] DEBUG org.apache.http.wire - http-outgoing-1 >> "Content-Type: application/json; charset=utf-8[\r][\n]"
13:14:53.257 [Forwarding clickElement on session 1af73633-d3b2-456e-a9f2-90af01b63324 to remote] DEBUG org.apache.http.wire - http-outgoing-1 >> "Content-Length: 45[\r][\n]"
13:14:53.257 [Forwarding clickElement on session 1af73633-d3b2-456e-a9f2-90af01b63324 to remote] DEBUG org.apache.http.wire - http-outgoing-1 >> "Host: 127.0.0.1:4723[\r][\n]"
13:14:53.257 [Forwarding clickElement on session 1af73633-d3b2-456e-a9f2-90af01b63324 to remote] DEBUG org.apache.http.wire - http-outgoing-1 >> "Connection: Keep-Alive[\r][\n]"
13:14:53.257 [Forwarding clickElement on session 1af73633-d3b2-456e-a9f2-90af01b63324 to remote] DEBUG org.apache.http.wire - http-outgoing-1 >> "User-Agent: Apache-HttpClient/4.5.3 (Java/9.0.4)[\r][\n]"
13:14:53.257 [Forwarding clickElement on session 1af73633-d3b2-456e-a9f2-90af01b63324 to remote] DEBUG org.apache.http.wire - http-outgoing-1 >> "Accept-Encoding: gzip,deflate[\r][\n]"
13:14:53.257 [Forwarding clickElement on session 1af73633-d3b2-456e-a9f2-90af01b63324 to remote] DEBUG org.apache.http.wire - http-outgoing-1 >> "[\r][\n]"
13:14:53.258 [Forwarding clickElement on session 1af73633-d3b2-456e-a9f2-90af01b63324 to remote] DEBUG org.apache.http.wire - http-outgoing-1 >> "{"id":"8C328B11-DD69-4043-BA30-CE54609B5EAA"}"
13:14:54.049 [Forwarding clickElement on session 1af73633-d3b2-456e-a9f2-90af01b63324 to remote] DEBUG org.apache.http.wire - http-outgoing-1 << "HTTP/1.1 200 OK[\r][\n]"
13:14:54.049 [Forwarding clickElement on session 1af73633-d3b2-456e-a9f2-90af01b63324 to remote] DEBUG org.apache.http.wire - http-outgoing-1 << "X-Powered-By: Express[\r][\n]"
13:14:54.049 [Forwarding clickElement on session 1af73633-d3b2-456e-a9f2-90af01b63324 to remote] DEBUG org.apache.http.wire - http-outgoing-1 << "Access-Control-Allow-Origin: *[\r][\n]"
13:14:54.049 [Forwarding clickElement on session 1af73633-d3b2-456e-a9f2-90af01b63324 to remote] DEBUG org.apache.http.wire - http-outgoing-1 << "Access-Control-Allow-Methods: GET,POST,PUT,OPTIONS,DELETE[\r][\n]"
13:14:54.049 [Forwarding clickElement on session 1af73633-d3b2-456e-a9f2-90af01b63324 to remote] DEBUG org.apache.http.wire - http-outgoing-1 << "Access-Control-Allow-Headers: origin, content-type, accept[\r][\n]"
13:14:54.049 [Forwarding clickElement on session 1af73633-d3b2-456e-a9f2-90af01b63324 to remote] DEBUG org.apache.http.wire - http-outgoing-1 << "Vary: X-HTTP-Method-Override[\r][\n]"
13:14:54.049 [Forwarding clickElement on session 1af73633-d3b2-456e-a9f2-90af01b63324 to remote] DEBUG org.apache.http.wire - http-outgoing-1 << "Content-Type: application/json; charset=utf-8[\r][\n]"
13:14:54.049 [Forwarding clickElement on session 1af73633-d3b2-456e-a9f2-90af01b63324 to remote] DEBUG org.apache.http.wire - http-outgoing-1 << "Content-Length: 118[\r][\n]"
13:14:54.049 [Forwarding clickElement on session 1af73633-d3b2-456e-a9f2-90af01b63324 to remote] DEBUG org.apache.http.wire - http-outgoing-1 << "ETag: W/"76-srPcbcQqr9xz4t0syaWfbym7X+I"[\r][\n]"
13:14:54.049 [Forwarding clickElement on session 1af73633-d3b2-456e-a9f2-90af01b63324 to remote] DEBUG org.apache.http.wire - http-outgoing-1 << "Date: Tue, 27 Feb 2018 11:14:54 GMT[\r][\n]"
13:14:54.049 [Forwarding clickElement on session 1af73633-d3b2-456e-a9f2-90af01b63324 to remote] DEBUG org.apache.http.wire - http-outgoing-1 << "Connection: keep-alive[\r][\n]"
13:14:54.049 [Forwarding clickElement on session 1af73633-d3b2-456e-a9f2-90af01b63324 to remote] DEBUG org.apache.http.wire - http-outgoing-1 << "[\r][\n]"
13:14:54.049 [Forwarding clickElement on session 1af73633-d3b2-456e-a9f2-90af01b63324 to remote] DEBUG org.apache.http.wire - http-outgoing-1 << "{"status":0,"id":"8C328B11-DD69-4043-BA30-CE54609B5EAA","value":"","sessionId":"1af73633-d3b2-456e-a9f2-90af01b63324"}"
13:14:54.050 [Forwarding clickElement on session 1af73633-d3b2-456e-a9f2-90af01b63324 to remote] DEBUG org.apache.http.headers - http-outgoing-1 << HTTP/1.1 200 OK
13:14:54.050 [Forwarding clickElement on session 1af73633-d3b2-456e-a9f2-90af01b63324 to remote] DEBUG org.apache.http.headers - http-outgoing-1 << X-Powered-By: Express
13:14:54.050 [Forwarding clickElement on session 1af73633-d3b2-456e-a9f2-90af01b63324 to remote] DEBUG org.apache.http.headers - http-outgoing-1 << Access-Control-Allow-Origin: *
13:14:54.050 [Forwarding clickElement on session 1af73633-d3b2-456e-a9f2-90af01b63324 to remote] DEBUG org.apache.http.headers - http-outgoing-1 << Access-Control-Allow-Methods: GET,POST,PUT,OPTIONS,DELETE
13:14:54.050 [Forwarding clickElement on session 1af73633-d3b2-456e-a9f2-90af01b63324 to remote] DEBUG org.apache.http.headers - http-outgoing-1 << Access-Control-Allow-Headers: origin, content-type, accept
13:14:54.050 [Forwarding clickElement on session 1af73633-d3b2-456e-a9f2-90af01b63324 to remote] DEBUG org.apache.http.headers - http-outgoing-1 << Vary: X-HTTP-Method-Override
13:14:54.050 [Forwarding clickElement on session 1af73633-d3b2-456e-a9f2-90af01b63324 to remote] DEBUG org.apache.http.headers - http-outgoing-1 << Content-Type: application/json; charset=utf-8
13:14:54.050 [Forwarding clickElement on session 1af73633-d3b2-456e-a9f2-90af01b63324 to remote] DEBUG org.apache.http.headers - http-outgoing-1 << Content-Length: 118
13:14:54.050 [Forwarding clickElement on session 1af73633-d3b2-456e-a9f2-90af01b63324 to remote] DEBUG org.apache.http.headers - http-outgoing-1 << ETag: W/"76-srPcbcQqr9xz4t0syaWfbym7X+I"
13:14:54.050 [Forwarding clickElement on session 1af73633-d3b2-456e-a9f2-90af01b63324 to remote] DEBUG org.apache.http.headers - http-outgoing-1 << Date: Tue, 27 Feb 2018 11:14:54 GMT
13:14:54.050 [Forwarding clickElement on session 1af73633-d3b2-456e-a9f2-90af01b63324 to remote] DEBUG org.apache.http.headers - http-outgoing-1 << Connection: keep-alive
13:14:54.050 [Forwarding clickElement on session 1af73633-d3b2-456e-a9f2-90af01b63324 to remote] DEBUG o.a.h.impl.execchain.MainClientExec - Connection can be kept alive indefinitely
13:14:54.050 [Forwarding clickElement on session 1af73633-d3b2-456e-a9f2-90af01b63324 to remote] DEBUG o.a.h.i.c.PoolingHttpClientConnectionManager - Connection [id: 1][route: {}->http://127.0.0.1:4723] can be kept alive indefinitely
13:14:54.050 [Forwarding clickElement on session 1af73633-d3b2-456e-a9f2-90af01b63324 to remote] DEBUG o.a.h.i.c.PoolingHttpClientConnectionManager - Connection released: [id: 1][route: {}->http://127.0.0.1:4723][total kept alive: 1; route allocated: 1 of 2000; total allocated: 1 of 2000]
13:14:54.053 [Forwarding findElement on session 1af73633-d3b2-456e-a9f2-90af01b63324 to remote] DEBUG o.a.h.c.protocol.RequestAddCookies - CookieSpec selected: default
13:14:54.053 [Forwarding findElement on session 1af73633-d3b2-456e-a9f2-90af01b63324 to remote] DEBUG o.a.h.c.protocol.RequestAuthCache - Auth cache not set in the context
13:14:54.053 [Forwarding findElement on session 1af73633-d3b2-456e-a9f2-90af01b63324 to remote] DEBUG o.a.h.i.c.PoolingHttpClientConnectionManager - Connection request: [route: {}->http://127.0.0.1:4723][total kept alive: 1; route allocated: 1 of 2000; total allocated: 1 of 2000]
13:14:54.053 [Forwarding findElement on session 1af73633-d3b2-456e-a9f2-90af01b63324 to remote] DEBUG o.a.h.i.c.PoolingHttpClientConnectionManager - Connection leased: [id: 1][route: {}->http://127.0.0.1:4723][total kept alive: 0; route allocated: 1 of 2000; total allocated: 1 of 2000]
13:14:54.053 [Forwarding findElement on session 1af73633-d3b2-456e-a9f2-90af01b63324 to remote] DEBUG o.a.h.impl.execchain.MainClientExec - Stale connection check
13:14:54.055 [Forwarding findElement on session 1af73633-d3b2-456e-a9f2-90af01b63324 to remote] DEBUG org.apache.http.wire - http-outgoing-1 << "[read] I/O error: Read timed out"
13:14:54.055 [Forwarding findElement on session 1af73633-d3b2-456e-a9f2-90af01b63324 to remote] DEBUG o.a.h.i.c.DefaultManagedHttpClientConnection - http-outgoing-1: set socket timeout to 10800000
13:14:54.055 [Forwarding findElement on session 1af73633-d3b2-456e-a9f2-90af01b63324 to remote] DEBUG o.a.h.impl.execchain.MainClientExec - Executing request POST /wd/hub/session/1af73633-d3b2-456e-a9f2-90af01b63324/element HTTP/1.1
13:14:54.055 [Forwarding findElement on session 1af73633-d3b2-456e-a9f2-90af01b63324 to remote] DEBUG o.a.h.impl.execchain.MainClientExec - Target auth state: UNCHALLENGED
13:14:54.055 [Forwarding findElement on session 1af73633-d3b2-456e-a9f2-90af01b63324 to remote] DEBUG o.a.h.impl.execchain.MainClientExec - Proxy auth state: UNCHALLENGED
13:14:54.055 [Forwarding findElement on session 1af73633-d3b2-456e-a9f2-90af01b63324 to remote] DEBUG org.apache.http.headers - http-outgoing-1 >> POST /wd/hub/session/1af73633-d3b2-456e-a9f2-90af01b63324/element HTTP/1.1
13:14:54.055 [Forwarding findElement on session 1af73633-d3b2-456e-a9f2-90af01b63324 to remote] DEBUG org.apache.http.headers - http-outgoing-1 >> Content-Type: application/json; charset=utf-8
13:14:54.055 [Forwarding findElement on session 1af73633-d3b2-456e-a9f2-90af01b63324 to remote] DEBUG org.apache.http.headers - http-outgoing-1 >> Content-Length: 67
13:14:54.055 [Forwarding findElement on session 1af73633-d3b2-456e-a9f2-90af01b63324 to remote] DEBUG org.apache.http.headers - http-outgoing-1 >> Host: 127.0.0.1:4723
13:14:54.055 [Forwarding findElement on session 1af73633-d3b2-456e-a9f2-90af01b63324 to remote] DEBUG org.apache.http.headers - http-outgoing-1 >> Connection: Keep-Alive
13:14:54.055 [Forwarding findElement on session 1af73633-d3b2-456e-a9f2-90af01b63324 to remote] DEBUG org.apache.http.headers - http-outgoing-1 >> User-Agent: Apache-HttpClient/4.5.3 (Java/9.0.4)
13:14:54.055 [Forwarding findElement on session 1af73633-d3b2-456e-a9f2-90af01b63324 to remote] DEBUG org.apache.http.headers - http-outgoing-1 >> Accept-Encoding: gzip,deflate
13:14:54.056 [Forwarding findElement on session 1af73633-d3b2-456e-a9f2-90af01b63324 to remote] DEBUG org.apache.http.wire - http-outgoing-1 >> "POST /wd/hub/session/1af73633-d3b2-456e-a9f2-90af01b63324/element HTTP/1.1[\r][\n]"
13:14:54.056 [Forwarding findElement on session 1af73633-d3b2-456e-a9f2-90af01b63324 to remote] DEBUG org.apache.http.wire - http-outgoing-1 >> "Content-Type: application/json; charset=utf-8[\r][\n]"
13:14:54.056 [Forwarding findElement on session 1af73633-d3b2-456e-a9f2-90af01b63324 to remote] DEBUG org.apache.http.wire - http-outgoing-1 >> "Content-Length: 67[\r][\n]"
13:14:54.056 [Forwarding findElement on session 1af73633-d3b2-456e-a9f2-90af01b63324 to remote] DEBUG org.apache.http.wire - http-outgoing-1 >> "Host: 127.0.0.1:4723[\r][\n]"
13:14:54.056 [Forwarding findElement on session 1af73633-d3b2-456e-a9f2-90af01b63324 to remote] DEBUG org.apache.http.wire - http-outgoing-1 >> "Connection: Keep-Alive[\r][\n]"
13:14:54.056 [Forwarding findElement on session 1af73633-d3b2-456e-a9f2-90af01b63324 to remote] DEBUG org.apache.http.wire - http-outgoing-1 >> "User-Agent: Apache-HttpClient/4.5.3 (Java/9.0.4)[\r][\n]"
13:14:54.056 [Forwarding findElement on session 1af73633-d3b2-456e-a9f2-90af01b63324 to remote] DEBUG org.apache.http.wire - http-outgoing-1 >> "Accept-Encoding: gzip,deflate[\r][\n]"
13:14:54.056 [Forwarding findElement on session 1af73633-d3b2-456e-a9f2-90af01b63324 to remote] DEBUG org.apache.http.wire - http-outgoing-1 >> "[\r][\n]"
13:14:54.056 [Forwarding findElement on session 1af73633-d3b2-456e-a9f2-90af01b63324 to remote] DEBUG org.apache.http.wire - http-outgoing-1 >> "{"using":"xpath","value":"//XCUIElementTypeButton[@name=\"Done\"]"}"
13:14:56.097 [Forwarding findElement on session 1af73633-d3b2-456e-a9f2-90af01b63324 to remote] DEBUG org.apache.http.wire - http-outgoing-1 << "HTTP/1.1 200 OK[\r][\n]"
13:14:56.097 [Forwarding findElement on session 1af73633-d3b2-456e-a9f2-90af01b63324 to remote] DEBUG org.apache.http.wire - http-outgoing-1 << "X-Powered-By: Express[\r][\n]"
13:14:56.097 [Forwarding findElement on session 1af73633-d3b2-456e-a9f2-90af01b63324 to remote] DEBUG org.apache.http.wire - http-outgoing-1 << "Access-Control-Allow-Origin: *[\r][\n]"
13:14:56.097 [Forwarding findElement on session 1af73633-d3b2-456e-a9f2-90af01b63324 to remote] DEBUG org.apache.http.wire - http-outgoing-1 << "Access-Control-Allow-Methods: GET,POST,PUT,OPTIONS,DELETE[\r][\n]"
13:14:56.097 [Forwarding findElement on session 1af73633-d3b2-456e-a9f2-90af01b63324 to remote] DEBUG org.apache.http.wire - http-outgoing-1 << "Access-Control-Allow-Headers: origin, content-type, accept[\r][\n]"
13:14:56.097 [Forwarding findElement on session 1af73633-d3b2-456e-a9f2-90af01b63324 to remote] DEBUG org.apache.http.wire - http-outgoing-1 << "Vary: X-HTTP-Method-Override[\r][\n]"
13:14:56.097 [Forwarding findElement on session 1af73633-d3b2-456e-a9f2-90af01b63324 to remote] DEBUG org.apache.http.wire - http-outgoing-1 << "Content-Type: application/json; charset=utf-8[\r][\n]"
13:14:56.097 [Forwarding findElement on session 1af73633-d3b2-456e-a9f2-90af01b63324 to remote] DEBUG org.apache.http.wire - http-outgoing-1 << "Content-Length: 122[\r][\n]"
13:14:56.097 [Forwarding findElement on session 1af73633-d3b2-456e-a9f2-90af01b63324 to remote] DEBUG org.apache.http.wire - http-outgoing-1 << "ETag: W/"7a-fvyTeXS3GCohY44ujj6w4E6BbTc"[\r][\n]"
13:14:56.097 [Forwarding findElement on session 1af73633-d3b2-456e-a9f2-90af01b63324 to remote] DEBUG org.apache.http.wire - http-outgoing-1 << "Date: Tue, 27 Feb 2018 11:14:56 GMT[\r][\n]"
13:14:56.097 [Forwarding findElement on session 1af73633-d3b2-456e-a9f2-90af01b63324 to remote] DEBUG org.apache.http.wire - http-outgoing-1 << "Connection: keep-alive[\r][\n]"
13:14:56.098 [Forwarding findElement on session 1af73633-d3b2-456e-a9f2-90af01b63324 to remote] DEBUG org.apache.http.wire - http-outgoing-1 << "[\r][\n]"
13:14:56.098 [Forwarding findElement on session 1af73633-d3b2-456e-a9f2-90af01b63324 to remote] DEBUG org.apache.http.wire - http-outgoing-1 << "{"status":0,"value":{"ELEMENT":"D09C0C15-3866-48A1-BED7-9C994A162D50"},"sessionId":"1af73633-d3b2-456e-a9f2-90af01b63324"}"
13:14:56.098 [Forwarding findElement on session 1af73633-d3b2-456e-a9f2-90af01b63324 to remote] DEBUG org.apache.http.headers - http-outgoing-1 << HTTP/1.1 200 OK
13:14:56.098 [Forwarding findElement on session 1af73633-d3b2-456e-a9f2-90af01b63324 to remote] DEBUG org.apache.http.headers - http-outgoing-1 << X-Powered-By: Express
13:14:56.098 [Forwarding findElement on session 1af73633-d3b2-456e-a9f2-90af01b63324 to remote] DEBUG org.apache.http.headers - http-outgoing-1 << Access-Control-Allow-Origin: *
13:14:56.098 [Forwarding findElement on session 1af73633-d3b2-456e-a9f2-90af01b63324 to remote] DEBUG org.apache.http.headers - http-outgoing-1 << Access-Control-Allow-Methods: GET,POST,PUT,OPTIONS,DELETE
13:14:56.098 [Forwarding findElement on session 1af73633-d3b2-456e-a9f2-90af01b63324 to remote] DEBUG org.apache.http.headers - http-outgoing-1 << Access-Control-Allow-Headers: origin, content-type, accept
13:14:56.098 [Forwarding findElement on session 1af73633-d3b2-456e-a9f2-90af01b63324 to remote] DEBUG org.apache.http.headers - http-outgoing-1 << Vary: X-HTTP-Method-Override
13:14:56.098 [Forwarding findElement on session 1af73633-d3b2-456e-a9f2-90af01b63324 to remote] DEBUG org.apache.http.headers - http-outgoing-1 << Content-Type: application/json; charset=utf-8
13:14:56.098 [Forwarding findElement on session 1af73633-d3b2-456e-a9f2-90af01b63324 to remote] DEBUG org.apache.http.headers - http-outgoing-1 << Content-Length: 122
13:14:56.098 [Forwarding findElement on session 1af73633-d3b2-456e-a9f2-90af01b63324 to remote] DEBUG org.apache.http.headers - http-outgoing-1 << ETag: W/"7a-fvyTeXS3GCohY44ujj6w4E6BbTc"
13:14:56.098 [Forwarding findElement on session 1af73633-d3b2-456e-a9f2-90af01b63324 to remote] DEBUG org.apache.http.headers - http-outgoing-1 << Date: Tue, 27 Feb 2018 11:14:56 GMT
13:14:56.098 [Forwarding findElement on session 1af73633-d3b2-456e-a9f2-90af01b63324 to remote] DEBUG org.apache.http.headers - http-outgoing-1 << Connection: keep-alive
13:14:56.098 [Forwarding findElement on session 1af73633-d3b2-456e-a9f2-90af01b63324 to remote] DEBUG o.a.h.impl.execchain.MainClientExec - Connection can be kept alive indefinitely
13:14:56.099 [Forwarding findElement on session 1af73633-d3b2-456e-a9f2-90af01b63324 to remote] DEBUG o.a.h.i.c.PoolingHttpClientConnectionManager - Connection [id: 1][route: {}->http://127.0.0.1:4723] can be kept alive indefinitely
13:14:56.099 [Forwarding findElement on session 1af73633-d3b2-456e-a9f2-90af01b63324 to remote] DEBUG o.a.h.i.c.PoolingHttpClientConnectionManager - Connection released: [id: 1][route: {}->http://127.0.0.1:4723][total kept alive: 1; route allocated: 1 of 2000; total allocated: 1 of 2000]
13:14:56.102 [Forwarding clickElement on session 1af73633-d3b2-456e-a9f2-90af01b63324 to remote] DEBUG o.a.h.c.protocol.RequestAddCookies - CookieSpec selected: default
13:14:56.102 [Forwarding clickElement on session 1af73633-d3b2-456e-a9f2-90af01b63324 to remote] DEBUG o.a.h.c.protocol.RequestAuthCache - Auth cache not set in the context
13:14:56.102 [Forwarding clickElement on session 1af73633-d3b2-456e-a9f2-90af01b63324 to remote] DEBUG o.a.h.i.c.PoolingHttpClientConnectionManager - Connection request: [route: {}->http://127.0.0.1:4723][total kept alive: 1; route allocated: 1 of 2000; total allocated: 1 of 2000]
13:14:56.102 [Forwarding clickElement on session 1af73633-d3b2-456e-a9f2-90af01b63324 to remote] DEBUG o.a.h.i.c.PoolingHttpClientConnectionManager - Connection leased: [id: 1][route: {}->http://127.0.0.1:4723][total kept alive: 0; route allocated: 1 of 2000; total allocated: 1 of 2000]
13:14:56.102 [Forwarding clickElement on session 1af73633-d3b2-456e-a9f2-90af01b63324 to remote] DEBUG o.a.h.impl.execchain.MainClientExec - Stale connection check
13:14:56.103 [Forwarding clickElement on session 1af73633-d3b2-456e-a9f2-90af01b63324 to remote] DEBUG org.apache.http.wire - http-outgoing-1 << "[read] I/O error: Read timed out"
13:14:56.104 [Forwarding clickElement on session 1af73633-d3b2-456e-a9f2-90af01b63324 to remote] DEBUG o.a.h.i.c.DefaultManagedHttpClientConnection - http-outgoing-1: set socket timeout to 10800000
13:14:56.104 [Forwarding clickElement on session 1af73633-d3b2-456e-a9f2-90af01b63324 to remote] DEBUG o.a.h.impl.execchain.MainClientExec - Executing request POST /wd/hub/session/1af73633-d3b2-456e-a9f2-90af01b63324/element/D09C0C15-3866-48A1-BED7-9C994A162D50/click HTTP/1.1
13:14:56.104 [Forwarding clickElement on session 1af73633-d3b2-456e-a9f2-90af01b63324 to remote] DEBUG o.a.h.impl.execchain.MainClientExec - Target auth state: UNCHALLENGED
13:14:56.104 [Forwarding clickElement on session 1af73633-d3b2-456e-a9f2-90af01b63324 to remote] DEBUG o.a.h.impl.execchain.MainClientExec - Proxy auth state: UNCHALLENGED
[...]
13:16:24.449 [Forwarding clickElement on session 1af73633-d3b2-456e-a9f2-90af01b63324 to remote] DEBUG o.a.h.i.c.PoolingHttpClientConnectionManager - Connection [id: 1][route: {}->http://127.0.0.1:4723] can be kept alive indefinitely
13:16:24.450 [Forwarding clickElement on session 1af73633-d3b2-456e-a9f2-90af01b63324 to remote] DEBUG o.a.h.i.c.PoolingHttpClientConnectionManager - Connection released: [id: 1][route: {}->http://127.0.0.1:4723][total kept alive: 1; route allocated: 1 of 2000; total allocated: 1 of 2000]
13:16:24.451 [Forwarding findElement on session 1af73633-d3b2-456e-a9f2-90af01b63324 to remote] DEBUG o.a.h.c.protocol.RequestAddCookies - CookieSpec selected: default
13:16:24.452 [Forwarding findElement on session 1af73633-d3b2-456e-a9f2-90af01b63324 to remote] DEBUG o.a.h.c.protocol.RequestAuthCache - Auth cache not set in the context
13:16:24.452 [Forwarding findElement on session 1af73633-d3b2-456e-a9f2-90af01b63324 to remote] DEBUG o.a.h.i.c.PoolingHttpClientConnectionManager - Connection request: [route: {}->http://127.0.0.1:4723][total kept alive: 1; route allocated: 1 of 2000; total allocated: 1 of 2000]
13:16:24.452 [Forwarding findElement on session 1af73633-d3b2-456e-a9f2-90af01b63324 to remote] DEBUG o.a.h.i.c.PoolingHttpClientConnectionManager - Connection leased: [id: 1][route: {}->http://127.0.0.1:4723][total kept alive: 0; route allocated: 1 of 2000; total allocated: 1 of 2000]
13:16:24.452 [Forwarding findElement on session 1af73633-d3b2-456e-a9f2-90af01b63324 to remote] DEBUG o.a.h.impl.execchain.MainClientExec - Stale connection check
13:16:24.454 [Forwarding findElement on session 1af73633-d3b2-456e-a9f2-90af01b63324 to remote] DEBUG org.apache.http.wire - http-outgoing-1 << "[read] I/O error: Read timed out"
13:16:24.454 [Forwarding findElement on session 1af73633-d3b2-456e-a9f2-90af01b63324 to remote] DEBUG o.a.h.i.c.DefaultManagedHttpClientConnection - http-outgoing-1: set socket timeout to 10800000
13:16:24.454 [Forwarding findElement on session 1af73633-d3b2-456e-a9f2-90af01b63324 to remote] DEBUG o.a.h.impl.execchain.MainClientExec - Executing request POST /wd/hub/session/1af73633-d3b2-456e-a9f2-90af01b63324/element HTTP/1.1
13:16:24.454 [Forwarding findElement on session 1af73633-d3b2-456e-a9f2-90af01b63324 to remote] DEBUG o.a.h.impl.execchain.MainClientExec - Target auth state: UNCHALLENGED
13:16:24.454 [Forwarding findElement on session 1af73633-d3b2-456e-a9f2-90af01b63324 to remote] DEBUG o.a.h.impl.execchain.MainClientExec - Proxy auth state: UNCHALLENGED
13:16:24.454 [Forwarding findElement on session 1af73633-d3b2-456e-a9f2-90af01b63324 to remote] DEBUG org.apache.http.headers - http-outgoing-1 >> POST /wd/hub/session/1af73633-d3b2-456e-a9f2-90af01b63324/element HTTP/1.1
13:16:24.454 [Forwarding findElement on session 1af73633-d3b2-456e-a9f2-90af01b63324 to remote] DEBUG org.apache.http.headers - http-outgoing-1 >> Content-Type: application/json; charset=utf-8
13:16:24.454 [Forwarding findElement on session 1af73633-d3b2-456e-a9f2-90af01b63324 to remote] DEBUG org.apache.http.headers - http-outgoing-1 >> Content-Length: 92
13:16:24.454 [Forwarding findElement on session 1af73633-d3b2-456e-a9f2-90af01b63324 to remote] DEBUG org.apache.http.headers - http-outgoing-1 >> Host: 127.0.0.1:4723
13:16:24.454 [Forwarding findElement on session 1af73633-d3b2-456e-a9f2-90af01b63324 to remote] DEBUG org.apache.http.headers - http-outgoing-1 >> Connection: Keep-Alive
13:16:24.454 [Forwarding findElement on session 1af73633-d3b2-456e-a9f2-90af01b63324 to remote] DEBUG org.apache.http.headers - http-outgoing-1 >> User-Agent: Apache-HttpClient/4.5.3 (Java/9.0.4)
13:16:24.454 [Forwarding findElement on session 1af73633-d3b2-456e-a9f2-90af01b63324 to remote] DEBUG org.apache.http.headers - http-outgoing-1 >> Accept-Encoding: gzip,deflate
13:16:24.454 [Forwarding findElement on session 1af73633-d3b2-456e-a9f2-90af01b63324 to remote] DEBUG org.apache.http.wire - http-outgoing-1 >> "POST /wd/hub/session/1af73633-d3b2-456e-a9f2-90af01b63324/element HTTP/1.1[\r][\n]"
13:16:24.455 [Forwarding findElement on session 1af73633-d3b2-456e-a9f2-90af01b63324 to remote] DEBUG org.apache.http.wire - http-outgoing-1 >> "Content-Type: application/json; charset=utf-8[\r][\n]"
13:16:24.455 [Forwarding findElement on session 1af73633-d3b2-456e-a9f2-90af01b63324 to remote] DEBUG org.apache.http.wire - http-outgoing-1 >> "Content-Length: 92[\r][\n]"
13:16:24.455 [Forwarding findElement on session 1af73633-d3b2-456e-a9f2-90af01b63324 to remote] DEBUG org.apache.http.wire - http-outgoing-1 >> "Host: 127.0.0.1:4723[\r][\n]"
13:16:24.455 [Forwarding findElement on session 1af73633-d3b2-456e-a9f2-90af01b63324 to remote] DEBUG org.apache.http.wire - http-outgoing-1 >> "Connection: Keep-Alive[\r][\n]"
13:16:24.455 [Forwarding findElement on session 1af73633-d3b2-456e-a9f2-90af01b63324 to remote] DEBUG org.apache.http.wire - http-outgoing-1 >> "User-Agent: Apache-HttpClient/4.5.3 (Java/9.0.4)[\r][\n]"
13:16:24.455 [Forwarding findElement on session 1af73633-d3b2-456e-a9f2-90af01b63324 to remote] DEBUG org.apache.http.wire - http-outgoing-1 >> "Accept-Encoding: gzip,deflate[\r][\n]"
13:16:24.455 [Forwarding findElement on session 1af73633-d3b2-456e-a9f2-90af01b63324 to remote] DEBUG org.apache.http.wire - http-outgoing-1 >> "[\r][\n]"
13:16:24.455 [Forwarding findElement on session 1af73633-d3b2-456e-a9f2-90af01b63324 to remote] DEBUG org.apache.http.wire - http-outgoing-1 >> "{"using":"xpath","value":"//XCUIElementTypeStaticText[@name=\"You've securely logged in\"]"}"
13:17:15.590 [Forwarding findElement on session 1af73633-d3b2-456e-a9f2-90af01b63324 to remote] DEBUG org.apache.http.wire - http-outgoing-1 << "HTTP/1.1 500 Internal Server Error[\r][\n]"
13:17:15.590 [Forwarding findElement on session 1af73633-d3b2-456e-a9f2-90af01b63324 to remote] DEBUG org.apache.http.wire - http-outgoing-1 << "X-Powered-By: Express[\r][\n]"
13:17:15.590 [Forwarding findElement on session 1af73633-d3b2-456e-a9f2-90af01b63324 to remote] DEBUG org.apache.http.wire - http-outgoing-1 << "Access-Control-Allow-Origin: *[\r][\n]"
13:17:15.590 [Forwarding findElement on session 1af73633-d3b2-456e-a9f2-90af01b63324 to remote] DEBUG org.apache.http.wire - http-outgoing-1 << "Access-Control-Allow-Methods: GET,POST,PUT,OPTIONS,DELETE[\r][\n]"
13:17:15.591 [Forwarding findElement on session 1af73633-d3b2-456e-a9f2-90af01b63324 to remote] DEBUG org.apache.http.wire - http-outgoing-1 << "Access-Control-Allow-Headers: origin, content-type, accept[\r][\n]"
13:17:15.591 [Forwarding findElement on session 1af73633-d3b2-456e-a9f2-90af01b63324 to remote] DEBUG org.apache.http.wire - http-outgoing-1 << "Vary: X-HTTP-Method-Override[\r][\n]"
13:17:15.591 [Forwarding findElement on session 1af73633-d3b2-456e-a9f2-90af01b63324 to remote] DEBUG org.apache.http.wire - http-outgoing-1 << "Content-Type: application/json; charset=utf-8[\r][\n]"
13:17:15.591 [Forwarding findElement on session 1af73633-d3b2-456e-a9f2-90af01b63324 to remote] DEBUG org.apache.http.wire - http-outgoing-1 << "Content-Length: 164[\r][\n]"
13:17:15.591 [Forwarding findElement on session 1af73633-d3b2-456e-a9f2-90af01b63324 to remote] DEBUG org.apache.http.wire - http-outgoing-1 << "ETag: W/"a4-m1jBSWAP2LL8Ua1ddlvO2ATPbFE"[\r][\n]"
13:17:15.591 [Forwarding findElement on session 1af73633-d3b2-456e-a9f2-90af01b63324 to remote] DEBUG org.apache.http.wire - http-outgoing-1 << "Date: Tue, 27 Feb 2018 11:17:15 GMT[\r][\n]"
13:17:15.591 [Forwarding findElement on session 1af73633-d3b2-456e-a9f2-90af01b63324 to remote] DEBUG org.apache.http.wire - http-outgoing-1 << "Connection: keep-alive[\r][\n]"
13:17:15.591 [Forwarding findElement on session 1af73633-d3b2-456e-a9f2-90af01b63324 to remote] DEBUG org.apache.http.wire - http-outgoing-1 << "[\r][\n]"
13:17:15.591 [Forwarding findElement on session 1af73633-d3b2-456e-a9f2-90af01b63324 to remote] DEBUG org.apache.http.wire - http-outgoing-1 << "{"status":7,"value":{"message":"An element could not be located on the page using the given search parameters."},"sessionId":"1af73633-d3b2-456e-a9f2-90af01b63324"}"
13:17:15.591 [Forwarding findElement on session 1af73633-d3b2-456e-a9f2-90af01b63324 to remote] DEBUG org.apache.http.headers - http-outgoing-1 << HTTP/1.1 500 Internal Server Error
13:17:15.591 [Forwarding findElement on session 1af73633-d3b2-456e-a9f2-90af01b63324 to remote] DEBUG org.apache.http.headers - http-outgoing-1 << X-Powered-By: Express
13:17:15.591 [Forwarding findElement on session 1af73633-d3b2-456e-a9f2-90af01b63324 to remote] DEBUG org.apache.http.headers - http-outgoing-1 << Access-Control-Allow-Origin: *
13:17:15.591 [Forwarding findElement on session 1af73633-d3b2-456e-a9f2-90af01b63324 to remote] DEBUG org.apache.http.headers - http-outgoing-1 << Access-Control-Allow-Methods: GET,POST,PUT,OPTIONS,DELETE
13:17:15.591 [Forwarding findElement on session 1af73633-d3b2-456e-a9f2-90af01b63324 to remote] DEBUG org.apache.http.headers - http-outgoing-1 << Access-Control-Allow-Headers: origin, content-type, accept
13:17:15.591 [Forwarding findElement on session 1af73633-d3b2-456e-a9f2-90af01b63324 to remote] DEBUG org.apache.http.headers - http-outgoing-1 << Vary: X-HTTP-Method-Override
13:17:15.591 [Forwarding findElement on session 1af73633-d3b2-456e-a9f2-90af01b63324 to remote] DEBUG org.apache.http.headers - http-outgoing-1 << Content-Type: application/json; charset=utf-8
13:17:15.591 [Forwarding findElement on session 1af73633-d3b2-456e-a9f2-90af01b63324 to remote] DEBUG org.apache.http.headers - http-outgoing-1 << Content-Length: 164
13:17:15.591 [Forwarding findElement on session 1af73633-d3b2-456e-a9f2-90af01b63324 to remote] DEBUG org.apache.http.headers - http-outgoing-1 << ETag: W/"a4-m1jBSWAP2LL8Ua1ddlvO2ATPbFE"
13:17:15.591 [Forwarding findElement on session 1af73633-d3b2-456e-a9f2-90af01b63324 to remote] DEBUG org.apache.http.headers - http-outgoing-1 << Date: Tue, 27 Feb 2018 11:17:15 GMT
13:17:15.591 [Forwarding findElement on session 1af73633-d3b2-456e-a9f2-90af01b63324 to remote] DEBUG org.apache.http.headers - http-outgoing-1 << Connection: keep-alive
13:17:15.591 [Forwarding findElement on session 1af73633-d3b2-456e-a9f2-90af01b63324 to remote] DEBUG o.a.h.impl.execchain.MainClientExec - Connection can be kept alive indefinitely
13:17:15.592 [Forwarding findElement on session 1af73633-d3b2-456e-a9f2-90af01b63324 to remote] DEBUG o.a.h.i.c.PoolingHttpClientConnectionManager - Connection [id: 1][route: {}->http://127.0.0.1:4723] can be kept alive indefinitely
13:17:15.592 [Forwarding findElement on session 1af73633-d3b2-456e-a9f2-90af01b63324 to remote] DEBUG o.a.h.i.c.PoolingHttpClientConnectionManager - Connection released: [id: 1][route: {}->http://127.0.0.1:4723][total kept alive: 1; route allocated: 1 of 2000; total allocated: 1 of 2000]
13:17:15.686 [Forwarding quit on session 1af73633-d3b2-456e-a9f2-90af01b63324 to remote] DEBUG o.a.h.c.protocol.RequestAddCookies - CookieSpec selected: default
13:17:15.686 [Forwarding quit on session 1af73633-d3b2-456e-a9f2-90af01b63324 to remote] DEBUG o.a.h.c.protocol.RequestAuthCache - Auth cache not set in the context
13:17:15.686 [Forwarding quit on session 1af73633-d3b2-456e-a9f2-90af01b63324 to remote] DEBUG o.a.h.i.c.PoolingHttpClientConnectionManager - Connection request: [route: {}->http://127.0.0.1:4723][total kept alive: 1; route allocated: 1 of 2000; total allocated: 1 of 2000]
13:17:15.686 [Forwarding quit on session 1af73633-d3b2-456e-a9f2-90af01b63324 to remote] DEBUG o.a.h.i.c.PoolingHttpClientConnectionManager - Connection leased: [id: 1][route: {}->http://127.0.0.1:4723][total kept alive: 0; route allocated: 1 of 2000; total allocated: 1 of 2000]
13:17:15.687 [Forwarding quit on session 1af73633-d3b2-456e-a9f2-90af01b63324 to remote] DEBUG o.a.h.impl.execchain.MainClientExec - Stale connection check
13:17:15.688 [Forwarding quit on session 1af73633-d3b2-456e-a9f2-90af01b63324 to remote] DEBUG org.apache.http.wire - http-outgoing-1 << "[read] I/O error: Read timed out"
13:17:15.689 [Forwarding quit on session 1af73633-d3b2-456e-a9f2-90af01b63324 to remote] DEBUG o.a.h.i.c.DefaultManagedHttpClientConnection - http-outgoing-1: set socket timeout to 10800000
13:17:15.689 [Forwarding quit on session 1af73633-d3b2-456e-a9f2-90af01b63324 to remote] DEBUG o.a.h.impl.execchain.MainClientExec - Executing request DELETE /wd/hub/session/1af73633-d3b2-456e-a9f2-90af01b63324 HTTP/1.1
13:17:15.689 [Forwarding quit on session 1af73633-d3b2-456e-a9f2-90af01b63324 to remote] DEBUG o.a.h.impl.execchain.MainClientExec - Target auth state: UNCHALLENGED
13:17:15.689 [Forwarding quit on session 1af73633-d3b2-456e-a9f2-90af01b63324 to remote] DEBUG o.a.h.impl.execchain.MainClientExec - Proxy auth state: UNCHALLENGED
13:17:15.689 [Forwarding quit on session 1af73633-d3b2-456e-a9f2-90af01b63324 to remote] DEBUG org.apache.http.headers - http-outgoing-1 >> DELETE /wd/hub/session/1af73633-d3b2-456e-a9f2-90af01b63324 HTTP/1.1
13:17:15.689 [Forwarding quit on session 1af73633-d3b2-456e-a9f2-90af01b63324 to remote] DEBUG org.apache.http.headers - http-outgoing-1 >> Host: 127.0.0.1:4723
13:17:15.690 [Forwarding quit on session 1af73633-d3b2-456e-a9f2-90af01b63324 to remote] DEBUG org.apache.http.headers - http-outgoing-1 >> Connection: Keep-Alive
13:17:15.690 [Forwarding quit on session 1af73633-d3b2-456e-a9f2-90af01b63324 to remote] DEBUG org.apache.http.headers - http-outgoing-1 >> User-Agent: Apache-HttpClient/4.5.3 (Java/9.0.4)
13:17:15.690 [Forwarding quit on session 1af73633-d3b2-456e-a9f2-90af01b63324 to remote] DEBUG org.apache.http.headers - http-outgoing-1 >> Accept-Encoding: gzip,deflate
13:17:15.690 [Forwarding quit on session 1af73633-d3b2-456e-a9f2-90af01b63324 to remote] DEBUG org.apache.http.wire - http-outgoing-1 >> "DELETE /wd/hub/session/1af73633-d3b2-456e-a9f2-90af01b63324 HTTP/1.1[\r][\n]"
13:17:15.690 [Forwarding quit on session 1af73633-d3b2-456e-a9f2-90af01b63324 to remote] DEBUG org.apache.http.wire - http-outgoing-1 >> "Host: 127.0.0.1:4723[\r][\n]"
13:17:15.691 [Forwarding quit on session 1af73633-d3b2-456e-a9f2-90af01b63324 to remote] DEBUG org.apache.http.wire - http-outgoing-1 >> "Connection: Keep-Alive[\r][\n]"
13:17:15.691 [Forwarding quit on session 1af73633-d3b2-456e-a9f2-90af01b63324 to remote] DEBUG org.apache.http.wire - http-outgoing-1 >> "User-Agent: Apache-HttpClient/4.5.3 (Java/9.0.4)[\r][\n]"
13:17:15.691 [Forwarding quit on session 1af73633-d3b2-456e-a9f2-90af01b63324 to remote] DEBUG org.apache.http.wire - http-outgoing-1 >> "Accept-Encoding: gzip,deflate[\r][\n]"
13:17:15.691 [Forwarding quit on session 1af73633-d3b2-456e-a9f2-90af01b63324 to remote] DEBUG org.apache.http.wire - http-outgoing-1 >> "[\r][\n]"
13:17:16.040 [Forwarding quit on session 1af73633-d3b2-456e-a9f2-90af01b63324 to remote] DEBUG org.apache.http.wire - http-outgoing-1 << "HTTP/1.1 200 OK[\r][\n]"
13:17:16.040 [Forwarding quit on session 1af73633-d3b2-456e-a9f2-90af01b63324 to remote] DEBUG org.apache.http.wire - http-outgoing-1 << "X-Powered-By: Express[\r][\n]"
13:17:16.040 [Forwarding quit on session 1af73633-d3b2-456e-a9f2-90af01b63324 to remote] DEBUG org.apache.http.wire - http-outgoing-1 << "Access-Control-Allow-Origin: *[\r][\n]"
13:17:16.040 [Forwarding quit on session 1af73633-d3b2-456e-a9f2-90af01b63324 to remote] DEBUG org.apache.http.wire - http-outgoing-1 << "Access-Control-Allow-Methods: GET,POST,PUT,OPTIONS,DELETE[\r][\n]"
13:17:16.040 [Forwarding quit on session 1af73633-d3b2-456e-a9f2-90af01b63324 to remote] DEBUG org.apache.http.wire - http-outgoing-1 << "Access-Control-Allow-Headers: origin, content-type, accept[\r][\n]"
13:17:16.040 [Forwarding quit on session 1af73633-d3b2-456e-a9f2-90af01b63324 to remote] DEBUG org.apache.http.wire - http-outgoing-1 << "Content-Type: application/json; charset=utf-8[\r][\n]"
13:17:16.040 [Forwarding quit on session 1af73633-d3b2-456e-a9f2-90af01b63324 to remote] DEBUG org.apache.http.wire - http-outgoing-1 << "Content-Length: 76[\r][\n]"
13:17:16.040 [Forwarding quit on session 1af73633-d3b2-456e-a9f2-90af01b63324 to remote] DEBUG org.apache.http.wire - http-outgoing-1 << "ETag: W/"4c-9dhYDo04iBp4qfi/vOmb9b8/0LI"[\r][\n]"
13:17:16.040 [Forwarding quit on session 1af73633-d3b2-456e-a9f2-90af01b63324 to remote] DEBUG org.apache.http.wire - http-outgoing-1 << "Date: Tue, 27 Feb 2018 11:17:15 GMT[\r][\n]"
13:17:16.040 [Forwarding quit on session 1af73633-d3b2-456e-a9f2-90af01b63324 to remote] DEBUG org.apache.http.wire - http-outgoing-1 << "Connection: keep-alive[\r][\n]"
13:17:16.040 [Forwarding quit on session 1af73633-d3b2-456e-a9f2-90af01b63324 to remote] DEBUG org.apache.http.wire - http-outgoing-1 << "[\r][\n]"
13:17:16.040 [Forwarding quit on session 1af73633-d3b2-456e-a9f2-90af01b63324 to remote] DEBUG org.apache.http.wire - http-outgoing-1 << "{"status":0,"value":null,"sessionId":"1af73633-d3b2-456e-a9f2-90af01b63324"}"
13:17:16.040 [Forwarding quit on session 1af73633-d3b2-456e-a9f2-90af01b63324 to remote] DEBUG org.apache.http.headers - http-outgoing-1 << HTTP/1.1 200 OK
13:17:16.040 [Forwarding quit on session 1af73633-d3b2-456e-a9f2-90af01b63324 to remote] DEBUG org.apache.http.headers - http-outgoing-1 << X-Powered-By: Express
13:17:16.040 [Forwarding quit on session 1af73633-d3b2-456e-a9f2-90af01b63324 to remote] DEBUG org.apache.http.headers - http-outgoing-1 << Access-Control-Allow-Origin: *
13:17:16.040 [Forwarding quit on session 1af73633-d3b2-456e-a9f2-90af01b63324 to remote] DEBUG org.apache.http.headers - http-outgoing-1 << Access-Control-Allow-Methods: GET,POST,PUT,OPTIONS,DELETE
13:17:16.040 [Forwarding quit on session 1af73633-d3b2-456e-a9f2-90af01b63324 to remote] DEBUG org.apache.http.headers - http-outgoing-1 << Access-Control-Allow-Headers: origin, content-type, accept
13:17:16.040 [Forwarding quit on session 1af73633-d3b2-456e-a9f2-90af01b63324 to remote] DEBUG org.apache.http.headers - http-outgoing-1 << Content-Type: application/json; charset=utf-8
13:17:16.040 [Forwarding quit on session 1af73633-d3b2-456e-a9f2-90af01b63324 to remote] DEBUG org.apache.http.headers - http-outgoing-1 << Content-Length: 76
13:17:16.040 [Forwarding quit on session 1af73633-d3b2-456e-a9f2-90af01b63324 to remote] DEBUG org.apache.http.headers - http-outgoing-1 << ETag: W/"4c-9dhYDo04iBp4qfi/vOmb9b8/0LI"
13:17:16.040 [Forwarding quit on session 1af73633-d3b2-456e-a9f2-90af01b63324 to remote] DEBUG org.apache.http.headers - http-outgoing-1 << Date: Tue, 27 Feb 2018 11:17:15 GMT
13:17:16.040 [Forwarding quit on session 1af73633-d3b2-456e-a9f2-90af01b63324 to remote] DEBUG org.apache.http.headers - http-outgoing-1 << Connection: keep-alive
13:17:16.040 [Forwarding quit on session 1af73633-d3b2-456e-a9f2-90af01b63324 to remote] DEBUG o.a.h.impl.execchain.MainClientExec - Connection can be kept alive indefinitely
13:17:16.041 [Forwarding quit on session 1af73633-d3b2-456e-a9f2-90af01b63324 to remote] DEBUG o.a.h.i.c.PoolingHttpClientConnectionManager - Connection [id: 1][route: {}->http://127.0.0.1:4723] can be kept alive indefinitely
13:17:16.041 [Forwarding quit on session 1af73633-d3b2-456e-a9f2-90af01b63324 to remote] DEBUG o.a.h.i.c.PoolingHttpClientConnectionManager - Connection released: [id: 1][route: {}->http://127.0.0.1:4723][total kept alive: 1; route allocated: 1 of 2000; total allocated: 1 of 2000]
13:17:16.042 [Forwarding quit on session 1af73633-d3b2-456e-a9f2-90af01b63324 to remote] DEBUG o.a.h.i.c.PoolingHttpClientConnectionManager - Closing connections idle longer than 0 SECONDS
13:17:16.042 [Forwarding quit on session 1af73633-d3b2-456e-a9f2-90af01b63324 to remote] DEBUG o.a.h.i.c.DefaultManagedHttpClientConnection - http-outgoing-1: Close connection
]]></system-out>
    <system-err><![CDATA[Feb 27, 2018 1:14:50 PM org.openqa.selenium.remote.ProtocolHandshake createSession
INFO: Detected dialect: OSS
]]></system-err>
  </testcase>
</testsuite>